2019/02/11 13:58:34 PM - INFO - 压缩文件成功
2019/02/11 15:00:49 PM - INFO - 打开网页
2019/02/11 15:00:49 PM - INFO - 输入用户名
2019/02/11 15:00:49 PM - INFO - 输入密码
2019/02/11 15:00:49 PM - INFO - 输入验证码
2019/02/11 15:00:50 PM - INFO - 点击登录
2019/02/11 15:00:53 PM - INFO - 选择案件管理
2019/02/11 15:00:55 PM - INFO - 点击处理按钮
2019/02/11 15:00:56 PM - INFO - 点击新建院前按钮
2019/02/11 15:00:57 PM - INFO - 输入伤患姓名
2019/02/11 15:00:57 PM - INFO - 输入伤患年龄
2019/02/11 15:00:59 PM - INFO - 选择客户来源按o
2019/02/11 15:01:00 PM - INFO - 选择客户来源
2019/02/11 15:01:00 PM - INFO - 输入病情描述
2019/02/11 15:01:00 PM - INFO - 输入事故地址
2019/02/11 15:01:00 PM - INFO - 输入事故点经度
2019/02/11 15:01:00 PM - INFO - 输入事故点纬度
2019/02/11 15:01:01 PM - INFO - 输入转入医院
2019/02/11 15:01:06 PM - INFO - 选择基地直升机
2019/02/11 15:01:06 PM - INFO - 点击医务官判定按钮
2019/02/11 15:01:10 PM - INFO - 选择案件管理
2019/02/11 15:01:12 PM - INFO - 点击处理按钮
2019/02/11 15:01:13 PM - INFO - 点击新建院前按钮
2019/02/11 15:01:13 PM - INFO - 输入伤患姓名
2019/02/11 15:01:14 PM - INFO - 输入伤患年龄
2019/02/11 15:01:16 PM - INFO - 选择客户来源按o
2019/02/11 15:01:16 PM - INFO - 选择客户来源
2019/02/11 15:01:16 PM - INFO - 输入病情描述
2019/02/11 15:01:16 PM - INFO - 输入事故地址
2019/02/11 15:01:16 PM - INFO - 输入事故点经度
2019/02/11 15:01:17 PM - INFO - 输入事故点纬度
2019/02/11 15:01:17 PM - INFO - 输入转入医院
2019/02/11 15:01:22 PM - INFO - 选择基地直升机
2019/02/11 15:01:22 PM - INFO - 点击医务官判定按钮
2019/02/11 15:01:27 PM - INFO - 选择案件管理
2019/02/11 15:01:28 PM - INFO - 点击处理按钮
2019/02/11 15:01:29 PM - INFO - 点击新建院前按钮
2019/02/11 15:01:29 PM - INFO - 输入伤患姓名
2019/02/11 15:01:30 PM - INFO - 输入伤患年龄
2019/02/11 15:01:32 PM - INFO - 选择客户来源按o
2019/02/11 15:01:32 PM - INFO - 选择客户来源
2019/02/11 15:01:32 PM - INFO - 输入病情描述
2019/02/11 15:01:32 PM - INFO - 输入事故地址
2019/02/11 15:01:32 PM - INFO - 输入事故点经度
2019/02/11 15:01:33 PM - INFO - 输入事故点纬度
2019/02/11 15:01:33 PM - INFO - 输入转入医院
2019/02/11 15:01:38 PM - INFO - 选择基地直升机
2019/02/11 15:01:38 PM - INFO - 点击医务官判定按钮
2019/02/11 15:01:43 PM - INFO - 选择案件管理
2019/02/11 15:01:44 PM - INFO - 点击处理按钮
2019/02/11 15:01:45 PM - INFO - 点击新建院前按钮
2019/02/11 15:01:46 PM - INFO - 输入伤患姓名
2019/02/11 15:01:46 PM - INFO - 输入伤患年龄
2019/02/11 15:01:48 PM - INFO - 选择客户来源按o
2019/02/11 15:01:48 PM - INFO - 选择客户来源
2019/02/11 15:01:48 PM - INFO - 输入病情描述
2019/02/11 15:01:48 PM - INFO - 输入事故地址
2019/02/11 15:01:49 PM - INFO - 输入事故点经度
2019/02/11 15:01:49 PM - INFO - 输入事故点纬度
2019/02/11 15:01:49 PM - INFO - 输入转入医院
2019/02/11 15:01:54 PM - INFO - 选择基地直升机
2019/02/11 15:01:54 PM - INFO - 点击医务官判定按钮
2019/02/11 15:01:59 PM - INFO - 选择待处理工单
2019/02/11 15:02:05 PM - INFO - 按照状态查询工单
2019/02/11 15:02:05 PM - INFO - 选择第一个工单
2019/02/11 15:02:07 PM - INFO - 拒单操作
2019/02/11 15:02:10 PM - INFO - 接单操作
2019/02/11 15:02:10 PM - INFO - 输入判定意见
2019/02/11 15:02:10 PM - INFO - 下一步
2019/02/11 15:02:10 PM - INFO - 点击下一步按钮
2019/02/11 15:02:11 PM - INFO - 选择待处理工单
2019/02/11 15:02:12 PM - INFO - 选择第一个工单
2019/02/11 15:02:20 PM - INFO - 选择待处理工单
2019/02/11 15:02:25 PM - INFO - 按照状态查询工单
2019/02/11 15:02:26 PM - INFO - 选择第一个工单
2019/02/11 15:02:28 PM - INFO - 拒单操作
2019/02/11 15:02:31 PM - INFO - 接单操作
2019/02/11 15:02:31 PM - INFO - 输入判定意见
2019/02/11 15:02:31 PM - INFO - 下一步
2019/02/11 15:02:31 PM - INFO - 点击下一步按钮
2019/02/11 15:02:33 PM - INFO - 选择待处理工单
2019/02/11 15:02:34 PM - INFO - 选择第一个工单
2019/02/11 15:02:41 PM - INFO - 选择待处理工单
2019/02/11 15:02:47 PM - INFO - 按照状态查询工单
2019/02/11 15:02:48 PM - INFO - 选择第一个工单
2019/02/11 15:02:51 PM - INFO - 拒单操作
2019/02/11 15:02:53 PM - INFO - 接单操作
2019/02/11 15:02:53 PM - INFO - 输入判定意见
2019/02/11 15:02:53 PM - INFO - 下一步
2019/02/11 15:02:53 PM - INFO - 点击下一步按钮
2019/02/11 15:02:54 PM - INFO - 选择待处理工单
2019/02/11 15:02:55 PM - INFO - 选择第一个工单
2019/02/11 15:03:02 PM - INFO - 选择待处理工单
2019/02/11 15:03:08 PM - INFO - 按照状态查询工单
2019/02/11 15:03:08 PM - INFO - 选择第一个工单
2019/02/11 15:03:11 PM - INFO - 拒单操作
2019/02/11 15:03:13 PM - INFO - 输入判定意见
2019/02/11 15:03:13 PM - INFO - 下一步
2019/02/11 15:03:13 PM - INFO - 点击下一步按钮
2019/02/11 15:03:15 PM - INFO - 选择待处理工单
2019/02/11 15:03:16 PM - INFO - 选择第一个工单
2019/02/11 15:03:26 PM - INFO - 打开网页
2019/02/11 15:03:26 PM - INFO - 输入用户名
2019/02/11 15:03:26 PM - INFO - 输入密码
2019/02/11 15:03:26 PM - INFO - 输入验证码
2019/02/11 15:03:27 PM - INFO - 点击登录
2019/02/11 15:03:30 PM - INFO - 选择待处理工单
2019/02/11 15:03:31 PM - INFO - 选择第一个工单
2019/02/11 15:03:32 PM - INFO - 接单操作
2019/02/11 15:03:34 PM - INFO - 
2019/02/11 15:03:34 PM - INFO - 预计起飞时间
2019/02/11 15:03:35 PM - INFO - 点击下一步按钮
2019/02/11 15:03:38 PM - INFO - 选择待处理工单
2019/02/11 15:03:39 PM - INFO - 选择第一个工单
2019/02/11 15:03:41 PM - INFO - 接单操作
2019/02/11 15:03:42 PM - INFO - 
2019/02/11 15:03:42 PM - INFO - 预计起飞时间
2019/02/11 15:03:44 PM - INFO - 点击下一步按钮
2019/02/11 15:03:47 PM - INFO - 选择待处理工单
2019/02/11 15:03:48 PM - INFO - 选择第一个工单
2019/02/11 15:03:51 PM - INFO - 选择待处理工单
2019/02/11 15:03:52 PM - INFO - 选择第一个工单
2019/02/11 15:03:52 PM - INFO - 没有执行基地经理操作
2019/02/11 15:03:55 PM - INFO - 选择救援中工单
2019/02/11 15:03:56 PM - INFO - 选择第一个工单
2019/02/11 15:03:59 PM - INFO - 点击救援成功按钮
2019/02/11 15:04:02 PM - INFO - 选择救援中工单
2019/02/11 15:04:04 PM - INFO - 选择第一个工单
2019/02/11 15:04:06 PM - INFO - 点击救援取消按钮
2019/02/11 15:04:06 PM - INFO - 填写救援取消原因
2019/02/11 15:04:07 PM - INFO - 填写救援取消原因确认
2019/02/11 15:04:10 PM - INFO - 选择救援中工单
2019/02/11 15:04:11 PM - INFO - 选择第一个工单
2019/02/11 15:04:11 PM - INFO - 没有执行救援操作
2019/02/11 15:04:25 PM - ERROR - <Page_object.Incall.in_Call object at 0x000001BE59B95240> 页面中未能找到 ('xpath', "//*[@id='app']//ul/li[3]/ul/li[2]") 元素
2019/02/11 15:04:29 PM - INFO - 压缩文件成功
