2019/02/18 17:33:33 PM - INFO - 压缩文件成功
2019/02/18 17:33:35 PM - INFO - 发送邮件成功
2019/02/18 18:00:55 PM - INFO - 压缩文件成功
2019/02/18 18:00:56 PM - INFO - 发送邮件成功
2019/02/18 18:03:07 PM - INFO - 打开网页
2019/02/18 18:03:07 PM - INFO - 输入用户名
2019/02/18 18:03:07 PM - INFO - 输入密码
2019/02/18 18:03:07 PM - INFO - 输入验证码
2019/02/18 18:03:08 PM - INFO - 点击登录
2019/02/18 18:03:31 PM - INFO - 打开网页
2019/02/18 18:03:31 PM - INFO - 输入用户名
2019/02/18 18:03:31 PM - INFO - 输入密码
2019/02/18 18:03:31 PM - INFO - 输入验证码
2019/02/18 18:03:32 PM - INFO - 点击登录
2019/02/18 18:03:35 PM - INFO - 选择待处理工单
2019/02/18 18:03:37 PM - INFO - 选择第一个工单
2019/02/18 18:03:38 PM - INFO - 接单操作
2019/02/18 18:03:53 PM - INFO - 打开网页
2019/02/18 18:03:53 PM - INFO - 输入用户名
2019/02/18 18:03:53 PM - INFO - 输入密码
2019/02/18 18:03:53 PM - INFO - 输入验证码
2019/02/18 18:03:54 PM - INFO - 点击登录
2019/02/18 18:03:58 PM - INFO - 选择案件管理
2019/02/18 18:03:59 PM - INFO - 点击处理按钮
2019/02/18 18:04:01 PM - INFO - 点击新建院前按钮
2019/02/18 18:04:01 PM - INFO - 输入伤患姓名
2019/02/18 18:04:02 PM - INFO - 输入伤患年龄
2019/02/18 18:04:04 PM - INFO - 选择客户来源按o
2019/02/18 18:04:04 PM - INFO - 选择客户来源
2019/02/18 18:04:04 PM - INFO - 输入病情描述
2019/02/18 18:04:04 PM - INFO - 输入事故地址
2019/02/18 18:04:05 PM - INFO - 输入事故点经度
2019/02/18 18:04:05 PM - INFO - 输入事故点纬度
2019/02/18 18:04:05 PM - INFO - 输入转入医院
2019/02/18 18:04:10 PM - INFO - 选择基地直升机
2019/02/18 18:04:10 PM - INFO - 点击医务官判定按钮
2019/02/18 18:04:15 PM - INFO - 选择案件管理
2019/02/18 18:04:16 PM - INFO - 点击处理按钮
2019/02/18 18:04:17 PM - INFO - 点击新建院前按钮
2019/02/18 18:04:18 PM - INFO - 输入伤患姓名
2019/02/18 18:04:18 PM - INFO - 输入伤患年龄
2019/02/18 18:04:20 PM - INFO - 选择客户来源按o
2019/02/18 18:04:20 PM - INFO - 选择客户来源
2019/02/18 18:04:20 PM - INFO - 输入病情描述
2019/02/18 18:04:20 PM - INFO - 输入事故地址
2019/02/18 18:04:21 PM - INFO - 输入事故点经度
2019/02/18 18:04:21 PM - INFO - 输入事故点纬度
2019/02/18 18:04:21 PM - INFO - 输入转入医院
2019/02/18 18:04:26 PM - INFO - 选择基地直升机
2019/02/18 18:04:26 PM - INFO - 点击医务官判定按钮
2019/02/18 18:04:31 PM - INFO - 选择案件管理
2019/02/18 18:04:32 PM - INFO - 点击处理按钮
2019/02/18 18:04:33 PM - INFO - 点击新建院前按钮
2019/02/18 18:04:34 PM - INFO - 输入伤患姓名
2019/02/18 18:04:34 PM - INFO - 输入伤患年龄
2019/02/18 18:04:36 PM - INFO - 选择客户来源按o
2019/02/18 18:04:37 PM - INFO - 选择客户来源
2019/02/18 18:04:37 PM - INFO - 输入病情描述
2019/02/18 18:04:37 PM - INFO - 输入事故地址
2019/02/18 18:04:37 PM - INFO - 输入事故点经度
2019/02/18 18:04:37 PM - INFO - 输入事故点纬度
2019/02/18 18:04:37 PM - INFO - 输入转入医院
2019/02/18 18:04:42 PM - INFO - 选择基地直升机
2019/02/18 18:04:42 PM - INFO - 点击医务官判定按钮
2019/02/18 18:04:47 PM - INFO - 选择案件管理
2019/02/18 18:04:48 PM - INFO - 点击处理按钮
2019/02/18 18:04:50 PM - INFO - 点击新建院前按钮
2019/02/18 18:04:50 PM - INFO - 输入伤患姓名
2019/02/18 18:04:50 PM - INFO - 输入伤患年龄
2019/02/18 18:04:52 PM - INFO - 选择客户来源按o
2019/02/18 18:04:53 PM - INFO - 选择客户来源
2019/02/18 18:04:53 PM - INFO - 输入病情描述
2019/02/18 18:04:53 PM - INFO - 输入事故地址
2019/02/18 18:04:53 PM - INFO - 输入事故点经度
2019/02/18 18:04:53 PM - INFO - 输入事故点纬度
2019/02/18 18:04:54 PM - INFO - 输入转入医院
2019/02/18 18:04:58 PM - INFO - 选择基地直升机
2019/02/18 18:04:59 PM - INFO - 点击医务官判定按钮
2019/02/18 18:05:04 PM - INFO - 选择待处理工单
2019/02/18 18:05:10 PM - INFO - 按照状态查询工单
2019/02/18 18:05:10 PM - INFO - 选择第一个工单
2019/02/18 18:05:12 PM - INFO - 拒单操作
2019/02/18 18:05:15 PM - INFO - 接单操作
2019/02/18 18:05:15 PM - INFO - 输入判定意见
2019/02/18 18:05:15 PM - INFO - 下一步
2019/02/18 18:05:15 PM - INFO - 点击下一步按钮
2019/02/18 18:05:16 PM - INFO - 选择待处理工单
2019/02/18 18:05:17 PM - INFO - 选择第一个工单
2019/02/18 18:05:24 PM - INFO - 选择待处理工单
2019/02/18 18:05:30 PM - INFO - 按照状态查询工单
2019/02/18 18:05:30 PM - INFO - 选择第一个工单
2019/02/18 18:05:33 PM - INFO - 拒单操作
2019/02/18 18:05:35 PM - INFO - 接单操作
2019/02/18 18:05:35 PM - INFO - 输入判定意见
2019/02/18 18:05:35 PM - INFO - 下一步
2019/02/18 18:05:35 PM - INFO - 点击下一步按钮
2019/02/18 18:05:37 PM - INFO - 选择待处理工单
2019/02/18 18:05:38 PM - INFO - 选择第一个工单
2019/02/18 18:05:44 PM - INFO - 选择待处理工单
2019/02/18 18:05:50 PM - INFO - 按照状态查询工单
2019/02/18 18:05:50 PM - INFO - 选择第一个工单
2019/02/18 18:05:53 PM - INFO - 拒单操作
2019/02/18 18:05:55 PM - INFO - 接单操作
2019/02/18 18:05:55 PM - INFO - 输入判定意见
2019/02/18 18:05:55 PM - INFO - 下一步
2019/02/18 18:05:55 PM - INFO - 点击下一步按钮
2019/02/18 18:05:57 PM - INFO - 选择待处理工单
2019/02/18 18:05:58 PM - INFO - 选择第一个工单
2019/02/18 18:06:05 PM - INFO - 选择待处理工单
2019/02/18 18:06:12 PM - INFO - 按照状态查询工单
2019/02/18 18:06:12 PM - INFO - 选择第一个工单
2019/02/18 18:06:14 PM - INFO - 拒单操作
2019/02/18 18:06:17 PM - INFO - 输入判定意见
2019/02/18 18:06:17 PM - INFO - 下一步
2019/02/18 18:06:17 PM - INFO - 点击下一步按钮
2019/02/18 18:06:19 PM - INFO - 选择待处理工单
2019/02/18 18:06:20 PM - INFO - 选择第一个工单
2019/02/18 18:06:30 PM - INFO - 打开网页
2019/02/18 18:06:30 PM - INFO - 输入用户名
2019/02/18 18:06:30 PM - INFO - 输入密码
2019/02/18 18:06:30 PM - INFO - 输入验证码
2019/02/18 18:06:31 PM - INFO - 点击登录
2019/02/18 18:06:34 PM - INFO - 选择待处理工单
2019/02/18 18:06:36 PM - INFO - 选择第一个工单
2019/02/18 18:06:37 PM - INFO - 接单操作
2019/02/18 18:06:39 PM - INFO - 预计起飞时间
2019/02/18 18:06:40 PM - INFO - 点击下一步按钮
2019/02/18 18:06:43 PM - INFO - 选择待处理工单
2019/02/18 18:06:44 PM - INFO - 选择第一个工单
2019/02/18 18:06:45 PM - INFO - 接单操作
2019/02/18 18:06:47 PM - INFO - 预计起飞时间
2019/02/18 18:06:48 PM - INFO - 点击下一步按钮
2019/02/18 18:06:51 PM - INFO - 选择待处理工单
2019/02/18 18:06:52 PM - INFO - 选择第一个工单
2019/02/18 18:06:53 PM - INFO - 拒单操作
2019/02/18 18:06:54 PM - INFO - 选择拒单原因
2019/02/18 18:06:54 PM - INFO - 填写拒单原因
2019/02/18 18:06:55 PM - INFO - 点击下一步按钮
2019/02/18 18:06:58 PM - INFO - 选择待处理工单
2019/02/18 18:06:59 PM - INFO - 选择第一个工单
2019/02/18 18:06:59 PM - INFO - 没有执行基地经理操作
2019/02/18 18:07:02 PM - INFO - 选择救援中工单
2019/02/18 18:07:03 PM - INFO - 选择第一个工单
2019/02/18 18:07:05 PM - INFO - 点击救援成功按钮
2019/02/18 18:07:08 PM - INFO - 选择救援中工单
2019/02/18 18:07:10 PM - INFO - 选择第一个工单
2019/02/18 18:07:12 PM - INFO - 点击救援取消按钮
2019/02/18 18:07:12 PM - INFO - 填写救援取消原因
2019/02/18 18:07:14 PM - INFO - 填写救援取消原因确认
2019/02/18 18:07:17 PM - INFO - 选择救援中工单
2019/02/18 18:07:18 PM - INFO - 选择第一个工单
2019/02/18 18:07:18 PM - INFO - 没有执行救援操作
2019/02/18 18:07:21 PM - INFO - 选择救援中工单
2019/02/18 18:07:22 PM - INFO - 选择第一个工单
2019/02/18 18:07:22 PM - INFO - 没有执行救援操作
2019/02/18 18:07:27 PM - INFO - 压缩文件成功
2019/02/18 18:07:30 PM - INFO - 发送邮件成功
