2019/04/03 17:16:47 PM - INFO - 打开网页
2019/04/03 17:16:48 PM - INFO - 打开网页
2019/04/03 17:16:52 PM - INFO - 111111111111111111111111111111111111111111111111111111111111111111111111111111111111111111111111111111111111  100,0 
2019/04/03 17:16:52 PM - INFO - this is A 90,0 
2019/04/03 17:17:34 PM - INFO - this is A 80,0 
2019/04/03 17:18:33 PM - INFO - 打开网页
2019/04/03 17:18:34 PM - INFO - 打开网页
2019/04/03 17:18:37 PM - INFO - 111111111111111111111111111111111111111111111111111111111111111111111111111111111111111111111111111111111111  10,0 
2019/04/03 17:18:37 PM - INFO - this is A 0,0 
2019/04/03 17:18:54 PM - INFO - this is C 10,10 
2019/04/03 17:19:10 PM - INFO - this is A 0,10 
2019/04/03 17:19:27 PM - INFO - this is B 10,0 
2019/04/03 17:19:43 PM - INFO - this is A 0,0 
2019/04/03 17:20:00 PM - INFO - this is C 10,10 
2019/04/03 17:20:17 PM - INFO - this is A 0,10 
2019/04/03 17:20:33 PM - INFO - this is B 10,0 
2019/04/03 17:20:50 PM - INFO - this is A 0,0 
2019/04/03 17:21:07 PM - INFO - this is C 10,10 
2019/04/03 17:21:24 PM - INFO - this is A 0,10 
2019/04/03 17:21:40 PM - INFO - this is B 10,0 
2019/04/03 17:21:57 PM - INFO - this is A 0,0 
2019/04/03 18:14:40 PM - INFO - 打开网页
2019/04/03 18:14:40 PM - INFO - 打开网页
2019/04/03 18:14:43 PM - INFO - this is A 0,0 
2019/04/03 18:14:51 PM - INFO - 发送邮件成功
2019/04/03 18:17:21 PM - INFO - 打开网页
2019/04/03 18:17:23 PM - INFO - 打开网页
2019/04/03 18:17:26 PM - INFO - this is A 0,0 
2019/04/03 18:17:43 PM - INFO - this is C 10,10 
2019/04/03 18:17:59 PM - INFO - this is A 0,10 
2019/04/03 18:18:16 PM - INFO - this is B 10,0 
2019/04/03 18:18:33 PM - INFO - this is A 0,0 
2019/04/03 18:18:49 PM - INFO - this is C 10,10 
2019/04/03 18:19:06 PM - INFO - this is A 0,10 
2019/04/03 18:19:23 PM - INFO - this is B 10,0 
2019/04/03 18:19:29 PM - INFO - 发送邮件成功
