2019/02/12 10:13:14 AM - INFO - 打开网页
2019/02/12 10:13:14 AM - INFO - 输入用户名
2019/02/12 10:13:14 AM - INFO - 输入密码
2019/02/12 10:13:14 AM - INFO - 输入验证码
2019/02/12 10:13:16 AM - INFO - 点击登录
2019/02/12 10:13:19 AM - INFO - 选择案件管理
2019/02/12 10:13:20 AM - INFO - 点击处理按钮
2019/02/12 10:13:22 AM - INFO - 点击新建院前按钮
2019/02/12 10:13:22 AM - INFO - 输入伤患姓名
2019/02/12 10:13:22 AM - INFO - 输入伤患年龄
2019/02/12 10:13:25 AM - INFO - 选择客户来源按o
2019/02/12 10:13:25 AM - INFO - 选择客户来源
2019/02/12 10:13:25 AM - INFO - 输入病情描述
2019/02/12 10:13:25 AM - INFO - 输入事故地址
2019/02/12 10:13:26 AM - INFO - 输入事故点经度
2019/02/12 10:13:26 AM - INFO - 输入事故点纬度
2019/02/12 10:13:27 AM - INFO - 输入转入医院
2019/02/12 10:13:31 AM - INFO - 选择基地直升机
2019/02/12 10:13:32 AM - INFO - 点击医务官判定按钮
2019/02/12 10:13:36 AM - INFO - 选择案件管理
2019/02/12 10:13:37 AM - INFO - 点击处理按钮
2019/02/12 10:13:39 AM - INFO - 点击新建院前按钮
2019/02/12 10:13:40 AM - INFO - 输入伤患姓名
2019/02/12 10:13:40 AM - INFO - 输入伤患年龄
2019/02/12 10:13:42 AM - INFO - 选择客户来源按o
2019/02/12 10:13:43 AM - INFO - 选择客户来源
2019/02/12 10:13:43 AM - INFO - 输入病情描述
2019/02/12 10:13:43 AM - INFO - 输入事故地址
2019/02/12 10:13:43 AM - INFO - 输入事故点经度
2019/02/12 10:13:44 AM - INFO - 输入事故点纬度
2019/02/12 10:13:44 AM - INFO - 输入转入医院
2019/02/12 10:13:49 AM - INFO - 选择基地直升机
2019/02/12 10:13:49 AM - INFO - 点击医务官判定按钮
2019/02/12 10:13:54 AM - INFO - 选择案件管理
2019/02/12 10:13:55 AM - INFO - 点击处理按钮
2019/02/12 10:13:57 AM - INFO - 点击新建院前按钮
2019/02/12 10:13:57 AM - INFO - 输入伤患姓名
2019/02/12 10:13:57 AM - INFO - 输入伤患年龄
2019/02/12 10:14:00 AM - INFO - 选择客户来源按o
2019/02/12 10:14:00 AM - INFO - 选择客户来源
2019/02/12 10:14:00 AM - INFO - 输入病情描述
2019/02/12 10:14:01 AM - INFO - 输入事故地址
2019/02/12 10:14:01 AM - INFO - 输入事故点经度
2019/02/12 10:14:01 AM - INFO - 输入事故点纬度
2019/02/12 10:14:02 AM - INFO - 输入转入医院
2019/02/12 10:14:04 AM - INFO - 打开网页
2019/02/12 10:14:04 AM - INFO - 输入用户名
2019/02/12 10:14:04 AM - INFO - 输入密码
2019/02/12 10:14:04 AM - INFO - 输入验证码
2019/02/12 10:14:05 AM - INFO - 点击登录
2019/02/12 10:14:07 AM - INFO - 选择基地直升机
2019/02/12 10:14:07 AM - INFO - 点击医务官判定按钮
2019/02/12 10:14:08 AM - INFO - 选择案件管理
2019/02/12 10:14:10 AM - INFO - 点击处理按钮
2019/02/12 10:14:12 AM - INFO - 点击新建院前按钮
2019/02/12 10:14:12 AM - INFO - 输入伤患姓名
2019/02/12 10:14:12 AM - INFO - 选择案件管理
2019/02/12 10:14:12 AM - INFO - 输入伤患年龄
2019/02/12 10:14:13 AM - INFO - 点击处理按钮
2019/02/12 10:14:15 AM - INFO - 选择客户来源按o
2019/02/12 10:14:15 AM - INFO - 选择客户来源
2019/02/12 10:14:15 AM - INFO - 输入病情描述
2019/02/12 10:14:15 AM - INFO - 点击新建院前按钮
2019/02/12 10:14:15 AM - INFO - 输入伤患姓名
2019/02/12 10:14:15 AM - INFO - 输入事故地址
2019/02/12 10:14:15 AM - INFO - 输入伤患年龄
2019/02/12 10:14:16 AM - INFO - 输入事故点经度
2019/02/12 10:14:16 AM - INFO - 输入事故点纬度
2019/02/12 10:14:16 AM - INFO - 输入转入医院
2019/02/12 10:14:18 AM - INFO - 选择客户来源按o
2019/02/12 10:14:18 AM - INFO - 选择客户来源
2019/02/12 10:14:18 AM - INFO - 输入病情描述
2019/02/12 10:14:19 AM - INFO - 输入事故地址
2019/02/12 10:14:19 AM - INFO - 输入事故点经度
2019/02/12 10:14:19 AM - INFO - 输入事故点纬度
2019/02/12 10:14:20 AM - INFO - 打开网页
2019/02/12 10:14:20 AM - INFO - 输入用户名
2019/02/12 10:14:20 AM - INFO - 输入转入医院
2019/02/12 10:14:20 AM - INFO - 输入密码
2019/02/12 10:14:20 AM - INFO - 输入验证码
2019/02/12 10:14:21 AM - INFO - 选择基地直升机
2019/02/12 10:14:22 AM - INFO - 点击医务官判定按钮
2019/02/12 10:14:25 AM - INFO - 选择基地直升机
2019/02/12 10:14:25 AM - INFO - 点击医务官判定按钮
2019/02/12 10:14:30 AM - INFO - 选择待处理工单
2019/02/12 10:14:36 AM - INFO - 按照状态查询工单
2019/02/12 10:14:36 AM - ERROR - <Page_object.Incall.in_Call object at 0x00000270DA57F9B0> 页面中未能找到 ('xpath', "//*[@id='app'] //table/tbody/tr[1]/td[8]/a[2]") 元素
2019/02/12 11:03:18 AM - INFO - 打开网页
2019/02/12 11:03:18 AM - INFO - 输入用户名
2019/02/12 11:03:18 AM - INFO - 输入密码
2019/02/12 11:03:18 AM - INFO - 输入验证码
2019/02/12 11:03:19 AM - INFO - 点击登录
2019/02/12 11:03:22 AM - INFO - 选择案件管理
2019/02/12 11:03:28 AM - INFO - 选择案件管理
2019/02/12 11:03:29 AM - INFO - 点击处理按钮
2019/02/12 11:03:50 AM - INFO - 打开网页
2019/02/12 11:03:50 AM - INFO - 输入用户名
2019/02/12 11:03:50 AM - INFO - 输入密码
2019/02/12 11:03:50 AM - INFO - 输入验证码
2019/02/12 11:03:52 AM - INFO - 点击登录
2019/02/12 11:03:55 AM - INFO - 选择案件管理
2019/02/12 11:03:56 AM - INFO - 点击处理按钮
2019/02/12 11:03:58 AM - INFO - 点击新建院前按钮
2019/02/12 11:03:58 AM - INFO - 输入伤患姓名
2019/02/12 11:03:59 AM - INFO - 输入伤患年龄
2019/02/12 11:04:01 AM - INFO - 选择客户来源按o
2019/02/12 11:04:01 AM - INFO - 选择客户来源
2019/02/12 11:04:01 AM - INFO - 输入病情描述
2019/02/12 11:04:01 AM - INFO - 输入事故地址
2019/02/12 11:04:02 AM - INFO - 输入事故点经度
2019/02/12 11:04:02 AM - INFO - 输入事故点纬度
2019/02/12 11:04:03 AM - INFO - 输入转入医院
2019/02/12 11:04:07 AM - INFO - 选择基地直升机
2019/02/12 11:04:07 AM - INFO - 点击医务官判定按钮
2019/02/12 11:04:12 AM - INFO - 选择案件管理
2019/02/12 11:04:13 AM - INFO - 点击处理按钮
2019/02/12 11:04:15 AM - INFO - 点击新建院前按钮
2019/02/12 11:04:15 AM - INFO - 输入伤患姓名
2019/02/12 11:04:16 AM - INFO - 输入伤患年龄
2019/02/12 11:04:18 AM - INFO - 选择客户来源按o
2019/02/12 11:04:18 AM - INFO - 选择客户来源
2019/02/12 11:04:18 AM - INFO - 输入病情描述
2019/02/12 11:04:18 AM - INFO - 输入事故地址
2019/02/12 11:04:18 AM - INFO - 输入事故点经度
2019/02/12 11:04:19 AM - INFO - 输入事故点纬度
2019/02/12 11:04:19 AM - INFO - 输入转入医院
2019/02/12 11:04:24 AM - INFO - 选择基地直升机
2019/02/12 11:04:24 AM - INFO - 点击医务官判定按钮
2019/02/12 11:04:29 AM - INFO - 选择案件管理
2019/02/12 11:04:30 AM - INFO - 点击处理按钮
2019/02/12 11:04:32 AM - INFO - 点击新建院前按钮
2019/02/12 11:04:32 AM - INFO - 输入伤患姓名
2019/02/12 11:04:32 AM - INFO - 输入伤患年龄
2019/02/12 11:04:34 AM - INFO - 选择客户来源按o
2019/02/12 11:04:35 AM - INFO - 选择客户来源
2019/02/12 11:04:35 AM - INFO - 输入病情描述
2019/02/12 11:04:35 AM - INFO - 输入事故地址
2019/02/12 11:04:35 AM - INFO - 输入事故点经度
2019/02/12 11:04:35 AM - INFO - 输入事故点纬度
2019/02/12 11:04:36 AM - INFO - 输入转入医院
2019/02/12 11:04:40 AM - INFO - 选择基地直升机
2019/02/12 11:04:41 AM - INFO - 点击医务官判定按钮
2019/02/12 11:04:45 AM - INFO - 选择案件管理
2019/02/12 11:04:47 AM - INFO - 点击处理按钮
2019/02/12 11:04:48 AM - INFO - 点击新建院前按钮
2019/02/12 11:04:48 AM - INFO - 输入伤患姓名
2019/02/12 11:04:49 AM - INFO - 输入伤患年龄
2019/02/12 11:04:51 AM - INFO - 选择客户来源按o
2019/02/12 11:04:51 AM - INFO - 选择客户来源
2019/02/12 11:04:51 AM - INFO - 输入病情描述
2019/02/12 11:04:51 AM - INFO - 输入事故地址
2019/02/12 11:04:52 AM - INFO - 输入事故点经度
2019/02/12 11:04:52 AM - INFO - 输入事故点纬度
2019/02/12 11:04:52 AM - INFO - 输入转入医院
2019/02/12 11:04:57 AM - INFO - 选择基地直升机
2019/02/12 11:04:57 AM - INFO - 点击医务官判定按钮
2019/02/12 11:05:02 AM - INFO - 选择待处理工单
2019/02/12 11:05:08 AM - INFO - 按照状态查询工单
2019/02/12 11:05:09 AM - INFO - 选择第一个工单
2019/02/12 11:05:11 AM - INFO - 拒单操作
2019/02/12 11:05:13 AM - INFO - 接单操作
2019/02/12 11:05:14 AM - INFO - 输入判定意见
2019/02/12 11:05:14 AM - INFO - 下一步
2019/02/12 11:05:14 AM - INFO - 点击下一步按钮
2019/02/12 11:05:15 AM - INFO - 选择待处理工单
2019/02/12 11:05:16 AM - INFO - 选择第一个工单
2019/02/12 11:05:24 AM - INFO - 选择待处理工单
2019/02/12 11:05:30 AM - INFO - 按照状态查询工单
2019/02/12 11:05:31 AM - INFO - 选择第一个工单
2019/02/12 11:05:33 AM - INFO - 拒单操作
2019/02/12 11:05:35 AM - INFO - 接单操作
2019/02/12 11:05:35 AM - INFO - 输入判定意见
2019/02/12 11:05:35 AM - INFO - 下一步
2019/02/12 11:05:35 AM - INFO - 点击下一步按钮
2019/02/12 11:05:37 AM - INFO - 选择待处理工单
2019/02/12 11:05:38 AM - INFO - 选择第一个工单
2019/02/12 11:05:45 AM - INFO - 选择待处理工单
2019/02/12 11:05:51 AM - INFO - 按照状态查询工单
2019/02/12 11:05:52 AM - INFO - 选择第一个工单
2019/02/12 11:05:54 AM - INFO - 拒单操作
2019/02/12 11:05:56 AM - INFO - 接单操作
2019/02/12 11:05:56 AM - INFO - 输入判定意见
2019/02/12 11:05:56 AM - INFO - 下一步
2019/02/12 11:05:56 AM - INFO - 点击下一步按钮
2019/02/12 11:05:58 AM - INFO - 选择待处理工单
2019/02/12 11:06:00 AM - INFO - 选择第一个工单
2019/02/12 11:06:07 AM - INFO - 选择待处理工单
2019/02/12 11:06:13 AM - INFO - 按照状态查询工单
2019/02/12 11:06:14 AM - INFO - 选择第一个工单
2019/02/12 11:06:16 AM - INFO - 拒单操作
2019/02/12 11:06:19 AM - INFO - 输入判定意见
2019/02/12 11:06:19 AM - INFO - 下一步
2019/02/12 11:06:19 AM - INFO - 点击下一步按钮
2019/02/12 11:06:21 AM - INFO - 选择待处理工单
2019/02/12 11:06:21 AM - INFO - 选择第一个工单
2019/02/12 11:18:40 AM - INFO - 打开网页
2019/02/12 11:18:40 AM - INFO - 输入用户名
2019/02/12 11:18:40 AM - INFO - 输入密码
2019/02/12 11:18:40 AM - INFO - 输入验证码
2019/02/12 11:18:41 AM - INFO - 点击登录
2019/02/12 11:18:44 AM - INFO - 选择待处理工单
2019/02/12 11:18:45 AM - INFO - 选择第一个工单
2019/02/12 11:18:47 AM - INFO - 接单操作
2019/02/12 11:18:49 AM - INFO - 预计起飞时间
2019/02/12 11:18:50 AM - INFO - 点击下一步按钮
2019/02/12 11:18:53 AM - INFO - 选择待处理工单
2019/02/12 11:18:54 AM - INFO - 选择第一个工单
2019/02/12 11:18:55 AM - INFO - 接单操作
2019/02/12 11:18:57 AM - INFO - 预计起飞时间
2019/02/12 11:18:58 AM - INFO - 点击下一步按钮
2019/02/12 11:19:02 AM - INFO - 选择待处理工单
2019/02/12 11:19:03 AM - INFO - 选择第一个工单
2019/02/12 11:19:06 AM - INFO - 选择待处理工单
2019/02/12 11:19:08 AM - INFO - 选择第一个工单
2019/02/12 11:19:08 AM - INFO - 没有执行基地经理操作
2019/02/12 11:21:08 AM - INFO - 打开网页
2019/02/12 11:21:08 AM - INFO - 输入用户名
2019/02/12 11:21:08 AM - INFO - 输入密码
2019/02/12 11:21:08 AM - INFO - 输入验证码
2019/02/12 11:21:09 AM - INFO - 点击登录
2019/02/12 11:21:12 AM - INFO - 选择救援中工单
2019/02/12 11:21:14 AM - INFO - 选择第一个工单
2019/02/12 11:21:16 AM - INFO - 点击救援成功按钮
2019/02/12 11:21:20 AM - INFO - 选择救援中工单
2019/02/12 11:21:21 AM - INFO - 选择第一个工单
2019/02/12 11:21:23 AM - INFO - 点击救援取消按钮
2019/02/12 11:21:23 AM - INFO - 填写救援取消原因
2019/02/12 11:21:24 AM - INFO - 填写救援取消原因确认
2019/02/12 11:21:28 AM - INFO - 选择救援中工单
2019/02/12 11:21:29 AM - INFO - 选择第一个工单
2019/02/12 11:21:29 AM - INFO - 没有执行救援操作
2019/02/12 11:21:32 AM - INFO - 选择救援中工单
2019/02/12 11:21:33 AM - INFO - 选择第一个工单
2019/02/12 11:21:33 AM - INFO - 没有执行救援操作
2019/02/12 11:29:18 AM - INFO - 打开网页
2019/02/12 11:29:18 AM - INFO - 输入用户名
2019/02/12 11:29:18 AM - INFO - 输入密码
2019/02/12 11:29:18 AM - INFO - 输入验证码
2019/02/12 11:29:19 AM - INFO - 点击登录
2019/02/12 11:29:22 AM - INFO - 选择待处理工单
2019/02/12 11:29:24 AM - INFO - 选择第一个工单
2019/02/12 11:30:08 AM - INFO - 打开网页
2019/02/12 11:30:08 AM - INFO - 输入用户名
2019/02/12 11:30:08 AM - INFO - 输入密码
2019/02/12 11:30:08 AM - INFO - 输入验证码
2019/02/12 11:30:09 AM - INFO - 点击登录
2019/02/12 11:30:12 AM - INFO - 选择待处理工单
2019/02/12 11:30:14 AM - INFO - 选择第一个工单
2019/02/12 11:30:54 AM - INFO - 拒单操作
2019/02/12 11:30:59 AM - INFO - 选择拒单原因
2019/02/12 11:31:01 AM - INFO - 填写拒单原因
2019/02/12 11:31:03 AM - INFO - 点击下一步按钮
2019/02/12 11:32:41 AM - INFO - 打开网页
2019/02/12 11:32:41 AM - INFO - 输入用户名
2019/02/12 11:32:41 AM - INFO - 输入密码
2019/02/12 11:32:41 AM - INFO - 输入验证码
2019/02/12 11:32:42 AM - INFO - 点击登录
2019/02/12 11:32:45 AM - INFO - 选择案件管理
2019/02/12 11:32:51 AM - INFO - 选择待处理工单
2019/02/12 11:33:21 AM - INFO - 打开网页
2019/02/12 11:33:21 AM - INFO - 输入用户名
2019/02/12 11:33:21 AM - INFO - 输入密码
2019/02/12 11:33:21 AM - INFO - 输入验证码
2019/02/12 11:33:22 AM - INFO - 点击登录
2019/02/12 11:33:26 AM - INFO - 选择待处理工单
2019/02/12 11:33:27 AM - INFO - 选择第一个工单
2019/02/12 13:22:44 PM - INFO - 打开网页
2019/02/12 13:22:44 PM - INFO - 输入用户名
2019/02/12 13:22:44 PM - INFO - 输入密码
2019/02/12 13:22:44 PM - INFO - 输入验证码
2019/02/12 13:22:45 PM - INFO - 点击登录
2019/02/12 13:22:49 PM - INFO - 选择待处理工单
2019/02/12 13:22:50 PM - INFO - 选择第一个工单
2019/02/12 13:22:51 PM - INFO - 拒单操作
2019/02/12 13:22:52 PM - INFO - 选择拒单原因
2019/02/12 13:22:52 PM - INFO - 填写拒单原因
2019/02/12 13:22:53 PM - INFO - 点击下一步按钮
2019/02/12 13:25:04 PM - INFO - 打开网页
2019/02/12 13:25:04 PM - INFO - 输入用户名
2019/02/12 13:25:04 PM - INFO - 输入密码
2019/02/12 13:25:04 PM - INFO - 输入验证码
2019/02/12 13:25:05 PM - INFO - 点击登录
2019/02/12 13:25:08 PM - INFO - 选择案件管理
2019/02/12 13:25:10 PM - INFO - 点击处理按钮
2019/02/12 13:25:11 PM - INFO - 点击新建院前按钮
2019/02/12 13:25:11 PM - INFO - 输入伤患姓名
2019/02/12 13:25:12 PM - INFO - 输入伤患年龄
2019/02/12 13:25:14 PM - INFO - 选择客户来源按o
2019/02/12 13:25:14 PM - INFO - 选择客户来源
2019/02/12 13:25:14 PM - INFO - 输入病情描述
2019/02/12 13:25:15 PM - INFO - 输入事故地址
2019/02/12 13:25:15 PM - INFO - 输入事故点经度
2019/02/12 13:25:15 PM - INFO - 输入事故点纬度
2019/02/12 13:25:16 PM - INFO - 输入转入医院
2019/02/12 13:25:20 PM - INFO - 选择基地直升机
2019/02/12 13:25:21 PM - INFO - 点击医务官判定按钮
2019/02/12 13:25:26 PM - INFO - 选择案件管理
2019/02/12 13:25:27 PM - INFO - 点击处理按钮
2019/02/12 13:25:29 PM - INFO - 点击新建院前按钮
2019/02/12 13:25:29 PM - INFO - 输入伤患姓名
2019/02/12 13:25:29 PM - INFO - 输入伤患年龄
2019/02/12 13:25:31 PM - INFO - 选择客户来源按o
2019/02/12 13:25:31 PM - INFO - 选择客户来源
2019/02/12 13:25:31 PM - INFO - 输入病情描述
2019/02/12 13:25:32 PM - INFO - 输入事故地址
2019/02/12 13:25:32 PM - INFO - 输入事故点经度
2019/02/12 13:25:32 PM - INFO - 输入事故点纬度
2019/02/12 13:25:33 PM - INFO - 输入转入医院
2019/02/12 13:25:37 PM - INFO - 选择基地直升机
2019/02/12 13:25:37 PM - INFO - 点击医务官判定按钮
2019/02/12 13:25:42 PM - INFO - 选择案件管理
2019/02/12 13:25:44 PM - INFO - 点击处理按钮
2019/02/12 13:25:45 PM - INFO - 点击新建院前按钮
2019/02/12 13:25:45 PM - INFO - 输入伤患姓名
2019/02/12 13:25:45 PM - INFO - 输入伤患年龄
2019/02/12 13:25:48 PM - INFO - 选择客户来源按o
2019/02/12 13:25:48 PM - INFO - 选择客户来源
2019/02/12 13:25:48 PM - INFO - 输入病情描述
2019/02/12 13:25:48 PM - INFO - 输入事故地址
2019/02/12 13:25:48 PM - INFO - 输入事故点经度
2019/02/12 13:25:49 PM - INFO - 输入事故点纬度
2019/02/12 13:25:49 PM - INFO - 输入转入医院
2019/02/12 13:25:54 PM - INFO - 选择基地直升机
2019/02/12 13:25:54 PM - INFO - 点击医务官判定按钮
2019/02/12 13:25:59 PM - INFO - 选择案件管理
2019/02/12 13:26:00 PM - INFO - 点击处理按钮
2019/02/12 13:26:02 PM - INFO - 点击新建院前按钮
2019/02/12 13:26:02 PM - INFO - 输入伤患姓名
2019/02/12 13:26:02 PM - INFO - 输入伤患年龄
2019/02/12 13:26:05 PM - INFO - 选择客户来源按o
2019/02/12 13:26:05 PM - INFO - 选择客户来源
2019/02/12 13:26:05 PM - INFO - 输入病情描述
2019/02/12 13:26:05 PM - INFO - 输入事故地址
2019/02/12 13:26:05 PM - INFO - 输入事故点经度
2019/02/12 13:26:05 PM - INFO - 输入事故点纬度
2019/02/12 13:26:06 PM - INFO - 输入转入医院
2019/02/12 13:26:11 PM - INFO - 选择基地直升机
2019/02/12 13:26:11 PM - INFO - 点击医务官判定按钮
2019/02/12 13:26:16 PM - INFO - 选择待处理工单
2019/02/12 13:26:22 PM - INFO - 按照状态查询工单
2019/02/12 13:26:22 PM - INFO - 选择第一个工单
2019/02/12 13:26:25 PM - INFO - 拒单操作
2019/02/12 13:26:27 PM - INFO - 接单操作
2019/02/12 13:26:27 PM - INFO - 输入判定意见
2019/02/12 13:26:28 PM - INFO - 下一步
2019/02/12 13:26:28 PM - INFO - 点击下一步按钮
2019/02/12 13:26:29 PM - INFO - 选择待处理工单
2019/02/12 13:26:30 PM - INFO - 选择第一个工单
2019/02/12 13:26:37 PM - INFO - 选择待处理工单
2019/02/12 13:26:43 PM - INFO - 按照状态查询工单
2019/02/12 13:26:43 PM - INFO - 选择第一个工单
2019/02/12 13:26:46 PM - INFO - 拒单操作
2019/02/12 13:26:48 PM - INFO - 接单操作
2019/02/12 13:26:48 PM - INFO - 输入判定意见
2019/02/12 13:26:49 PM - INFO - 下一步
2019/02/12 13:26:49 PM - INFO - 点击下一步按钮
2019/02/12 13:26:50 PM - INFO - 选择待处理工单
2019/02/12 13:26:51 PM - INFO - 选择第一个工单
2019/02/12 13:27:00 PM - INFO - 选择待处理工单
2019/02/12 13:27:06 PM - INFO - 按照状态查询工单
2019/02/12 13:27:06 PM - INFO - 选择第一个工单
2019/02/12 13:27:08 PM - INFO - 拒单操作
2019/02/12 13:27:10 PM - INFO - 接单操作
2019/02/12 13:27:10 PM - INFO - 输入判定意见
2019/02/12 13:27:11 PM - INFO - 下一步
2019/02/12 13:27:11 PM - INFO - 点击下一步按钮
2019/02/12 13:27:12 PM - INFO - 选择待处理工单
2019/02/12 13:27:13 PM - INFO - 选择第一个工单
2019/02/12 13:27:20 PM - INFO - 选择待处理工单
2019/02/12 13:27:26 PM - INFO - 按照状态查询工单
2019/02/12 13:27:26 PM - INFO - 选择第一个工单
2019/02/12 13:27:29 PM - INFO - 拒单操作
2019/02/12 13:27:31 PM - INFO - 输入判定意见
2019/02/12 13:27:31 PM - INFO - 下一步
2019/02/12 13:27:31 PM - INFO - 点击下一步按钮
2019/02/12 13:27:33 PM - INFO - 选择待处理工单
2019/02/12 13:27:33 PM - INFO - 选择第一个工单
2019/02/12 13:27:44 PM - INFO - 打开网页
2019/02/12 13:27:44 PM - INFO - 输入用户名
2019/02/12 13:27:44 PM - INFO - 输入密码
2019/02/12 13:27:44 PM - INFO - 输入验证码
2019/02/12 13:27:45 PM - INFO - 点击登录
2019/02/12 13:27:48 PM - INFO - 选择待处理工单
2019/02/12 13:27:50 PM - INFO - 选择第一个工单
2019/02/12 13:27:51 PM - INFO - 接单操作
2019/02/12 13:27:53 PM - INFO - 预计起飞时间
2019/02/12 13:27:54 PM - INFO - 点击下一步按钮
2019/02/12 13:27:57 PM - INFO - 选择待处理工单
2019/02/12 13:27:58 PM - INFO - 选择第一个工单
2019/02/12 13:27:59 PM - INFO - 接单操作
2019/02/12 13:28:01 PM - INFO - 预计起飞时间
2019/02/12 13:28:02 PM - INFO - 点击下一步按钮
2019/02/12 13:28:06 PM - INFO - 选择待处理工单
2019/02/12 13:28:07 PM - INFO - 选择第一个工单
2019/02/12 13:28:07 PM - INFO - 拒单操作
2019/02/12 13:28:08 PM - INFO - 选择拒单原因
2019/02/12 13:28:08 PM - INFO - 填写拒单原因
2019/02/12 13:28:10 PM - INFO - 点击下一步按钮
2019/02/12 13:28:13 PM - INFO - 选择待处理工单
2019/02/12 13:28:13 PM - INFO - 选择第一个工单
2019/02/12 13:28:13 PM - INFO - 没有执行基地经理操作
2019/02/12 13:28:17 PM - INFO - 选择救援中工单
2019/02/12 13:28:18 PM - INFO - 选择第一个工单
2019/02/12 13:28:21 PM - INFO - 点击救援成功按钮
2019/02/12 13:28:24 PM - INFO - 选择救援中工单
2019/02/12 13:28:25 PM - INFO - 选择第一个工单
2019/02/12 13:28:27 PM - INFO - 点击救援取消按钮
2019/02/12 13:28:27 PM - INFO - 填写救援取消原因
2019/02/12 13:28:29 PM - INFO - 填写救援取消原因确认
2019/02/12 13:28:32 PM - INFO - 选择救援中工单
2019/02/12 13:28:33 PM - INFO - 选择第一个工单
2019/02/12 13:28:33 PM - INFO - 没有执行救援操作
2019/02/12 13:28:36 PM - INFO - 选择救援中工单
2019/02/12 13:28:37 PM - INFO - 选择第一个工单
2019/02/12 13:28:37 PM - INFO - 没有执行救援操作
2019/02/12 13:28:41 PM - INFO - 压缩文件成功
