2019/02/13 16:12:35 PM - INFO - 打开网页
2019/02/13 16:12:35 PM - INFO - 输入用户名
2019/02/13 16:12:35 PM - INFO - 输入密码
2019/02/13 16:12:35 PM - INFO - 输入验证码
2019/02/13 16:12:36 PM - INFO - 点击登录
2019/02/13 16:12:40 PM - INFO - 选择案件管理
2019/02/13 16:12:41 PM - INFO - 点击处理按钮
2019/02/13 16:12:43 PM - INFO - 点击新建院前按钮
2019/02/13 16:12:43 PM - INFO - 输入伤患姓名
2019/02/13 16:12:43 PM - INFO - 输入伤患年龄
2019/02/13 16:12:46 PM - INFO - 选择客户来源按o
2019/02/13 16:12:46 PM - INFO - 选择客户来源
2019/02/13 16:12:46 PM - INFO - 输入病情描述
2019/02/13 16:12:46 PM - INFO - 输入事故地址
2019/02/13 16:12:47 PM - INFO - 输入事故点经度
2019/02/13 16:12:47 PM - INFO - 输入事故点纬度
2019/02/13 16:12:47 PM - INFO - 输入转入医院
2019/02/13 16:12:52 PM - INFO - 选择基地直升机
2019/02/13 16:12:52 PM - INFO - 点击医务官判定按钮
2019/02/13 16:12:57 PM - INFO - 选择案件管理
2019/02/13 16:12:58 PM - INFO - 点击处理按钮
2019/02/13 16:13:01 PM - INFO - 点击新建院前按钮
2019/02/13 16:13:01 PM - INFO - 输入伤患姓名
2019/02/13 16:13:01 PM - INFO - 输入伤患年龄
2019/02/13 16:13:04 PM - INFO - 选择客户来源按o
2019/02/13 16:13:04 PM - INFO - 选择客户来源
2019/02/13 16:13:04 PM - INFO - 输入病情描述
2019/02/13 16:13:04 PM - INFO - 输入事故地址
2019/02/13 16:13:04 PM - INFO - 输入事故点经度
2019/02/13 16:13:04 PM - INFO - 输入事故点纬度
2019/02/13 16:13:05 PM - INFO - 输入转入医院
2019/02/13 16:13:10 PM - INFO - 选择基地直升机
2019/02/13 16:13:10 PM - INFO - 点击医务官判定按钮
2019/02/13 16:13:15 PM - INFO - 选择案件管理
2019/02/13 16:13:16 PM - INFO - 点击处理按钮
2019/02/13 16:13:18 PM - INFO - 点击新建院前按钮
2019/02/13 16:13:18 PM - INFO - 输入伤患姓名
2019/02/13 16:13:18 PM - INFO - 输入伤患年龄
2019/02/13 16:13:20 PM - INFO - 选择客户来源按o
2019/02/13 16:13:21 PM - INFO - 选择客户来源
2019/02/13 16:13:21 PM - INFO - 输入病情描述
2019/02/13 16:13:21 PM - INFO - 输入事故地址
2019/02/13 16:13:21 PM - INFO - 输入事故点经度
2019/02/13 16:13:21 PM - INFO - 输入事故点纬度
2019/02/13 16:13:22 PM - INFO - 输入转入医院
2019/02/13 16:13:26 PM - INFO - 选择基地直升机
2019/02/13 16:13:27 PM - INFO - 点击医务官判定按钮
2019/02/13 16:13:32 PM - INFO - 选择案件管理
2019/02/13 16:13:33 PM - INFO - 点击处理按钮
2019/02/13 16:13:34 PM - INFO - 点击新建院前按钮
2019/02/13 16:13:34 PM - INFO - 输入伤患姓名
2019/02/13 16:13:35 PM - INFO - 输入伤患年龄
2019/02/13 16:13:37 PM - INFO - 选择客户来源按o
2019/02/13 16:13:37 PM - INFO - 选择客户来源
2019/02/13 16:13:37 PM - INFO - 输入病情描述
2019/02/13 16:13:37 PM - INFO - 输入事故地址
2019/02/13 16:13:38 PM - INFO - 输入事故点经度
2019/02/13 16:13:38 PM - INFO - 输入事故点纬度
2019/02/13 16:13:39 PM - INFO - 输入转入医院
2019/02/13 16:13:43 PM - INFO - 选择基地直升机
2019/02/13 16:13:43 PM - INFO - 点击医务官判定按钮
2019/02/13 16:13:49 PM - INFO - 选择待处理工单
2019/02/13 16:13:55 PM - INFO - 按照状态查询工单
2019/02/13 16:13:55 PM - INFO - 选择第一个工单
2019/02/13 16:13:58 PM - INFO - 拒单操作
2019/02/13 16:14:00 PM - INFO - 接单操作
2019/02/13 16:14:00 PM - INFO - 输入判定意见
2019/02/13 16:14:00 PM - INFO - 下一步
2019/02/13 16:14:00 PM - INFO - 点击下一步按钮
2019/02/13 16:14:02 PM - INFO - 选择待处理工单
2019/02/13 16:14:03 PM - INFO - 选择第一个工单
2019/02/13 16:14:10 PM - INFO - 选择待处理工单
2019/02/13 16:14:17 PM - INFO - 按照状态查询工单
2019/02/13 16:14:17 PM - INFO - 选择第一个工单
2019/02/13 16:14:20 PM - INFO - 拒单操作
2019/02/13 16:14:22 PM - INFO - 接单操作
2019/02/13 16:14:22 PM - INFO - 输入判定意见
2019/02/13 16:14:22 PM - INFO - 下一步
2019/02/13 16:14:22 PM - INFO - 点击下一步按钮
2019/02/13 16:14:24 PM - INFO - 选择待处理工单
2019/02/13 16:14:25 PM - INFO - 选择第一个工单
2019/02/13 16:14:34 PM - INFO - 选择待处理工单
2019/02/13 16:14:40 PM - INFO - 按照状态查询工单
2019/02/13 16:14:40 PM - INFO - 选择第一个工单
2019/02/13 16:14:43 PM - INFO - 拒单操作
2019/02/13 16:14:45 PM - INFO - 接单操作
2019/02/13 16:14:45 PM - INFO - 输入判定意见
2019/02/13 16:14:45 PM - INFO - 下一步
2019/02/13 16:14:45 PM - INFO - 点击下一步按钮
2019/02/13 16:14:47 PM - INFO - 选择待处理工单
2019/02/13 16:14:48 PM - INFO - 选择第一个工单
2019/02/13 16:14:55 PM - INFO - 选择待处理工单
2019/02/13 16:15:01 PM - INFO - 按照状态查询工单
2019/02/13 16:15:01 PM - INFO - 选择第一个工单
2019/02/13 16:15:03 PM - INFO - 拒单操作
2019/02/13 16:15:05 PM - INFO - 输入判定意见
2019/02/13 16:15:06 PM - INFO - 下一步
2019/02/13 16:15:06 PM - INFO - 点击下一步按钮
2019/02/13 16:15:07 PM - INFO - 选择待处理工单
2019/02/13 16:15:08 PM - INFO - 选择第一个工单
2019/02/13 16:15:19 PM - INFO - 打开网页
2019/02/13 16:15:19 PM - INFO - 输入用户名
2019/02/13 16:15:19 PM - INFO - 输入密码
2019/02/13 16:15:19 PM - INFO - 输入验证码
2019/02/13 16:15:20 PM - INFO - 点击登录
2019/02/13 16:15:23 PM - INFO - 选择待处理工单
2019/02/13 16:15:25 PM - INFO - 选择第一个工单
2019/02/13 16:15:26 PM - INFO - 接单操作
2019/02/13 16:15:28 PM - INFO - 预计起飞时间
2019/02/13 16:15:29 PM - INFO - 点击下一步按钮
2019/02/13 16:15:32 PM - INFO - 选择待处理工单
2019/02/13 16:15:33 PM - INFO - 选择第一个工单
2019/02/13 16:15:34 PM - INFO - 接单操作
2019/02/13 16:15:36 PM - INFO - 预计起飞时间
2019/02/13 16:15:37 PM - INFO - 点击下一步按钮
2019/02/13 16:15:41 PM - INFO - 选择待处理工单
2019/02/13 16:15:42 PM - INFO - 选择第一个工单
2019/02/13 16:15:43 PM - INFO - 拒单操作
2019/02/13 16:15:43 PM - INFO - 选择拒单原因
2019/02/13 16:15:43 PM - INFO - 填写拒单原因
2019/02/13 16:15:45 PM - INFO - 点击下一步按钮
2019/02/13 16:15:48 PM - INFO - 选择待处理工单
2019/02/13 16:15:48 PM - INFO - 选择第一个工单
2019/02/13 16:15:48 PM - INFO - 没有执行基地经理操作
2019/02/13 16:15:52 PM - INFO - 选择救援中工单
2019/02/13 16:15:54 PM - INFO - 选择第一个工单
2019/02/13 16:15:56 PM - INFO - 点击救援成功按钮
2019/02/13 16:15:59 PM - INFO - 选择救援中工单
2019/02/13 16:16:01 PM - INFO - 选择第一个工单
2019/02/13 16:16:03 PM - INFO - 点击救援取消按钮
2019/02/13 16:16:03 PM - INFO - 填写救援取消原因
2019/02/13 16:16:04 PM - INFO - 填写救援取消原因确认
2019/02/13 16:16:08 PM - INFO - 选择救援中工单
2019/02/13 16:16:09 PM - INFO - 选择第一个工单
2019/02/13 16:16:09 PM - INFO - 没有执行救援操作
2019/02/13 16:16:12 PM - INFO - 选择救援中工单
2019/02/13 16:16:13 PM - INFO - 选择第一个工单
2019/02/13 16:16:13 PM - INFO - 没有执行救援操作
2019/02/13 16:16:17 PM - INFO - 压缩文件成功
2019/02/13 16:16:20 PM - INFO - 发送邮件成功
2019/02/13 16:19:02 PM - INFO - 打开网页
2019/02/13 16:19:02 PM - INFO - 输入用户名
2019/02/13 16:19:02 PM - INFO - 输入密码
2019/02/13 16:19:02 PM - INFO - 输入验证码
2019/02/13 16:19:04 PM - INFO - 点击登录
2019/02/13 16:19:07 PM - INFO - 选择案件管理
2019/02/13 16:19:08 PM - INFO - 点击处理按钮
2019/02/13 16:19:10 PM - INFO - 点击新建院前按钮
2019/02/13 16:19:10 PM - INFO - 输入伤患姓名
2019/02/13 16:19:10 PM - INFO - 输入伤患年龄
2019/02/13 16:19:13 PM - INFO - 选择客户来源按o
2019/02/13 16:19:13 PM - INFO - 选择客户来源
2019/02/13 16:19:13 PM - INFO - 输入病情描述
2019/02/13 16:19:13 PM - INFO - 输入事故地址
2019/02/13 16:19:13 PM - INFO - 输入事故点经度
2019/02/13 16:19:14 PM - INFO - 输入事故点纬度
2019/02/13 16:19:14 PM - INFO - 输入转入医院
2019/02/13 16:19:19 PM - INFO - 选择基地直升机
2019/02/13 16:19:19 PM - INFO - 点击医务官判定按钮
2019/02/13 16:19:24 PM - INFO - 选择案件管理
2019/02/13 16:19:26 PM - INFO - 点击处理按钮
2019/02/13 16:19:27 PM - INFO - 点击新建院前按钮
2019/02/13 16:19:27 PM - INFO - 输入伤患姓名
2019/02/13 16:19:28 PM - INFO - 输入伤患年龄
2019/02/13 16:19:30 PM - INFO - 选择客户来源按o
2019/02/13 16:19:30 PM - INFO - 选择客户来源
2019/02/13 16:19:30 PM - INFO - 输入病情描述
2019/02/13 16:19:30 PM - INFO - 输入事故地址
2019/02/13 16:19:31 PM - INFO - 输入事故点经度
2019/02/13 16:19:31 PM - INFO - 输入事故点纬度
2019/02/13 16:19:31 PM - INFO - 输入转入医院
2019/02/13 16:19:36 PM - INFO - 选择基地直升机
2019/02/13 16:19:36 PM - INFO - 点击医务官判定按钮
2019/02/13 16:19:41 PM - INFO - 选择案件管理
2019/02/13 16:19:43 PM - INFO - 点击处理按钮
2019/02/13 16:19:44 PM - INFO - 点击新建院前按钮
2019/02/13 16:19:44 PM - INFO - 输入伤患姓名
2019/02/13 16:19:45 PM - INFO - 输入伤患年龄
2019/02/13 16:19:47 PM - INFO - 选择客户来源按o
2019/02/13 16:19:47 PM - INFO - 选择客户来源
2019/02/13 16:19:47 PM - INFO - 输入病情描述
2019/02/13 16:19:47 PM - INFO - 输入事故地址
2019/02/13 16:19:47 PM - INFO - 输入事故点经度
2019/02/13 16:19:48 PM - INFO - 输入事故点纬度
2019/02/13 16:19:48 PM - INFO - 输入转入医院
2019/02/13 16:19:53 PM - INFO - 选择基地直升机
2019/02/13 16:19:53 PM - INFO - 点击医务官判定按钮
2019/02/13 16:19:58 PM - INFO - 选择案件管理
2019/02/13 16:19:59 PM - INFO - 点击处理按钮
2019/02/13 16:20:01 PM - INFO - 点击新建院前按钮
2019/02/13 16:20:01 PM - INFO - 输入伤患姓名
2019/02/13 16:20:01 PM - INFO - 输入伤患年龄
2019/02/13 16:20:04 PM - INFO - 选择客户来源按o
2019/02/13 16:20:04 PM - INFO - 选择客户来源
2019/02/13 16:20:04 PM - INFO - 输入病情描述
2019/02/13 16:20:04 PM - INFO - 输入事故地址
2019/02/13 16:20:04 PM - INFO - 输入事故点经度
2019/02/13 16:20:04 PM - INFO - 输入事故点纬度
2019/02/13 16:20:05 PM - INFO - 输入转入医院
2019/02/13 16:20:10 PM - INFO - 选择基地直升机
2019/02/13 16:20:10 PM - INFO - 点击医务官判定按钮
2019/02/13 16:20:16 PM - INFO - 选择待处理工单
