2019/02/19 11:32:56 AM - INFO - 压缩文件成功
2019/02/19 11:33:00 AM - INFO - 发送邮件成功
2019/02/19 13:51:52 PM - INFO - 压缩文件成功
2019/02/19 13:51:55 PM - INFO - 发送邮件成功
2019/02/19 13:58:18 PM - INFO - 压缩文件成功
2019/02/19 13:58:21 PM - INFO - 发送邮件成功
2019/02/19 14:28:42 PM - INFO - 压缩文件成功
2019/02/19 14:28:45 PM - INFO - 发送邮件成功
2019/02/19 14:39:04 PM - INFO - 打开网页
2019/02/19 14:39:04 PM - INFO - 输入用户名
2019/02/19 14:39:04 PM - INFO - 输入密码
2019/02/19 14:39:04 PM - INFO - 输入验证码
2019/02/19 14:39:06 PM - INFO - 点击登录
2019/02/19 14:39:09 PM - INFO - 选择案件管理
2019/02/19 14:39:14 PM - INFO - 选择案件管理
2019/02/19 14:39:15 PM - INFO - 点击处理按钮
2019/02/19 14:39:17 PM - INFO - 点击新建院前按钮
2019/02/19 14:39:17 PM - INFO - 输入伤患姓名
2019/02/19 14:39:17 PM - INFO - 输入伤患年龄
2019/02/19 14:39:20 PM - INFO - 选择客户来源按o
2019/02/19 14:39:20 PM - INFO - 选择客户来源
2019/02/19 14:39:20 PM - INFO - 输入病情描述
2019/02/19 14:39:20 PM - INFO - 输入事故地址
2019/02/19 14:39:20 PM - INFO - 输入事故点经度
2019/02/19 14:39:20 PM - INFO - 输入事故点纬度
2019/02/19 14:39:21 PM - INFO - 输入转入医院
2019/02/19 14:39:26 PM - INFO - 选择基地直升机
2019/02/19 14:39:26 PM - INFO - 点击医务官判定按钮
2019/02/19 14:39:31 PM - INFO - 选择案件管理
2019/02/19 14:39:32 PM - INFO - 点击处理按钮
2019/02/19 14:39:34 PM - INFO - 点击新建院前按钮
2019/02/19 14:39:34 PM - INFO - 输入伤患姓名
2019/02/19 14:39:34 PM - INFO - 输入伤患年龄
2019/02/19 14:39:37 PM - INFO - 选择客户来源按o
2019/02/19 14:39:37 PM - INFO - 选择客户来源
2019/02/19 14:39:37 PM - INFO - 输入病情描述
2019/02/19 14:39:37 PM - INFO - 输入事故地址
2019/02/19 14:39:37 PM - INFO - 输入事故点经度
2019/02/19 14:39:38 PM - INFO - 输入事故点纬度
2019/02/19 14:39:38 PM - INFO - 输入转入医院
2019/02/19 14:39:43 PM - INFO - 选择基地直升机
2019/02/19 14:39:43 PM - INFO - 点击医务官判定按钮
2019/02/19 14:39:48 PM - INFO - 选择案件管理
2019/02/19 14:39:49 PM - INFO - 点击处理按钮
2019/02/19 14:39:51 PM - INFO - 点击新建院前按钮
2019/02/19 14:39:51 PM - INFO - 输入伤患姓名
2019/02/19 14:39:51 PM - INFO - 输入伤患年龄
2019/02/19 14:39:53 PM - INFO - 选择客户来源按o
2019/02/19 14:39:53 PM - INFO - 选择客户来源
2019/02/19 14:39:53 PM - INFO - 输入病情描述
2019/02/19 14:39:53 PM - INFO - 输入事故地址
2019/02/19 14:39:54 PM - INFO - 输入事故点经度
2019/02/19 14:39:54 PM - INFO - 输入事故点纬度
2019/02/19 14:39:54 PM - INFO - 输入转入医院
2019/02/19 14:39:59 PM - INFO - 选择基地直升机
2019/02/19 14:39:59 PM - INFO - 点击医务官判定按钮
2019/02/19 14:40:04 PM - INFO - 选择待处理工单
2019/02/19 14:40:20 PM - ERROR - <Page_object.incall.in_Call object at 0x000001B68A4C3C88> 页面中未能找到 ('xpath', "//*[@id='app']//ul/li[5]/ul/li[1]") 元素
2019/02/19 14:40:25 PM - INFO - 选择待处理工单
2019/02/19 14:40:32 PM - INFO - 选择待处理工单
2019/02/19 14:40:40 PM - INFO - 打开网页
2019/02/19 14:40:40 PM - INFO - 输入用户名
2019/02/19 14:40:40 PM - INFO - 输入密码
2019/02/19 14:40:40 PM - INFO - 输入验证码
2019/02/19 14:40:41 PM - INFO - 点击登录
2019/02/19 14:40:44 PM - INFO - 选择待处理工单
2019/02/19 14:40:45 PM - INFO - 选择第一个工单
2019/02/19 14:40:47 PM - INFO - 接单操作
2019/02/19 14:40:59 PM - ERROR - <Page_object.base_processed.Base_proce object at 0x000001B68AF317B8> 页面中未能找到 ('xpath', '//table/tbody/tr[5]/td[5]/div') 元素
2019/02/19 14:41:01 PM - INFO - 选择待处理工单
2019/02/19 14:41:03 PM - INFO - 选择第一个工单
2019/02/19 14:41:04 PM - INFO - 接单操作
2019/02/19 14:41:16 PM - ERROR - <Page_object.base_processed.Base_proce object at 0x000001B68AF317B8> 页面中未能找到 ('xpath', '//table/tbody/tr[5]/td[5]/div') 元素
2019/02/19 14:41:29 PM - ERROR - <Page_object.incall.in_Call object at 0x000001B68AF31588> 页面中未能找到 ('xpath', "//*[@id='app']//ul/li[3]/ul/li[1]") 元素
2019/02/19 14:41:43 PM - ERROR - <Page_object.incall.in_Call object at 0x000001B68AF31588> 页面中未能找到 ('xpath', "//*[@id='app']//ul/li[3]/ul/li[1]") 元素
2019/02/19 14:41:46 PM - INFO - 选择救援中工单
2019/02/19 14:41:47 PM - INFO - 选择第一个工单
2019/02/19 14:41:49 PM - INFO - 点击救援成功按钮
2019/02/19 14:41:53 PM - INFO - 选择救援中工单
2019/02/19 14:41:54 PM - INFO - 选择第一个工单
2019/02/19 14:41:57 PM - INFO - 点击救援取消按钮
2019/02/19 14:41:57 PM - INFO - 填写救援取消原因
2019/02/19 14:41:58 PM - INFO - 填写救援取消原因确认
2019/02/19 14:42:01 PM - INFO - 选择救援中工单
2019/02/19 14:42:02 PM - INFO - 选择第一个工单
2019/02/19 14:42:02 PM - INFO - 没有执行救援操作
2019/02/19 14:42:05 PM - INFO - 选择救援中工单
2019/02/19 14:42:06 PM - INFO - 选择第一个工单
2019/02/19 14:42:06 PM - INFO - 没有执行救援操作
2019/02/19 14:42:09 PM - INFO - 压缩文件成功
2019/02/19 14:42:12 PM - INFO - 发送邮件成功
2019/02/19 14:50:15 PM - INFO - 打开网页
2019/02/19 14:50:15 PM - INFO - 输入用户名
2019/02/19 14:50:15 PM - INFO - 输入密码
2019/02/19 14:50:15 PM - INFO - 输入验证码
2019/02/19 14:50:17 PM - INFO - 点击登录
2019/02/19 14:50:20 PM - INFO - 选择案件管理
2019/02/19 14:50:25 PM - INFO - 选择案件管理
2019/02/19 14:50:26 PM - INFO - 点击处理按钮
2019/02/19 14:50:28 PM - INFO - 点击新建院前按钮
2019/02/19 14:50:28 PM - INFO - 输入伤患姓名
2019/02/19 14:50:29 PM - INFO - 输入伤患年龄
2019/02/19 14:50:31 PM - INFO - 选择客户来源按o
2019/02/19 14:50:31 PM - INFO - 选择客户来源
2019/02/19 14:50:31 PM - INFO - 输入病情描述
2019/02/19 14:50:32 PM - INFO - 输入事故地址
2019/02/19 14:50:32 PM - INFO - 输入事故点经度
2019/02/19 14:50:32 PM - INFO - 输入事故点纬度
2019/02/19 14:50:32 PM - INFO - 输入转入医院
2019/02/19 14:50:37 PM - INFO - 选择基地直升机
2019/02/19 14:50:37 PM - INFO - 点击医务官判定按钮
2019/02/19 14:50:43 PM - INFO - 选择案件管理
2019/02/19 14:50:48 PM - INFO - 选择案件管理
2019/02/19 14:50:49 PM - INFO - 点击处理按钮
2019/02/19 14:50:51 PM - INFO - 点击新建院前按钮
2019/02/19 14:50:51 PM - INFO - 输入伤患姓名
2019/02/19 14:50:51 PM - INFO - 输入伤患年龄
2019/02/19 14:50:54 PM - INFO - 选择客户来源按o
2019/02/19 14:50:54 PM - INFO - 选择客户来源
2019/02/19 14:50:54 PM - INFO - 输入病情描述
2019/02/19 14:50:54 PM - INFO - 输入事故地址
2019/02/19 14:50:54 PM - INFO - 输入事故点经度
2019/02/19 14:50:54 PM - INFO - 输入事故点纬度
2019/02/19 14:50:55 PM - INFO - 输入转入医院
2019/02/19 14:51:00 PM - INFO - 选择基地直升机
2019/02/19 14:51:00 PM - INFO - 点击医务官判定按钮
2019/02/19 14:51:05 PM - INFO - 选择待处理工单
2019/02/19 14:51:11 PM - INFO - 选择待处理工单
2019/02/19 14:51:17 PM - INFO - 选择待处理工单
2019/02/19 14:51:23 PM - INFO - 选择待处理工单
2019/02/19 14:51:25 PM - ERROR - <Test_case.dc_reject.Case_state object at 0x000001EF9645E278> 页面中未能找到 ('xpath', "//*[@id='app']//div[2]/div/div/div[1]/form/div[1]/div[3]/div[2]/div/span/div") 元素
2019/02/19 14:51:26 PM - WARNING - Retrying (Retry(total=2, connect=None, read=None, redirect=None, status=None)) after connection broken by 'NewConnectionError('<urllib3.connection.HTTPConnection object at 0x000001EF9656CCF8>: Failed to establish a new connection: [WinError 10061] 由于目标计算机积极拒绝，无法连接。')': /session/007b7324-fff1-4abd-a363-58ef076cfde1
2019/02/19 14:51:27 PM - WARNING - Retrying (Retry(total=1, connect=None, read=None, redirect=None, status=None)) after connection broken by 'NewConnectionError('<urllib3.connection.HTTPConnection object at 0x000001EF9656C6D8>: Failed to establish a new connection: [WinError 10061] 由于目标计算机积极拒绝，无法连接。')': /session/007b7324-fff1-4abd-a363-58ef076cfde1
2019/02/19 14:51:28 PM - WARNING - Retrying (Retry(total=0, connect=None, read=None, redirect=None, status=None)) after connection broken by 'NewConnectionError('<urllib3.connection.HTTPConnection object at 0x000001EF9656C4A8>: Failed to establish a new connection: [WinError 10061] 由于目标计算机积极拒绝，无法连接。')': /session/007b7324-fff1-4abd-a363-58ef076cfde1
2019/02/19 14:51:36 PM - INFO - 打开网页
2019/02/19 14:51:36 PM - INFO - 输入用户名
2019/02/19 14:51:36 PM - INFO - 输入密码
2019/02/19 14:51:36 PM - INFO - 输入验证码
2019/02/19 14:51:37 PM - INFO - 点击登录
2019/02/19 14:51:40 PM - INFO - 选择待处理工单
2019/02/19 14:51:42 PM - INFO - 选择第一个工单
2019/02/19 14:51:43 PM - INFO - 接单操作
2019/02/19 14:51:55 PM - ERROR - <Page_object.base_processed.Base_proce object at 0x000001EF964C8B38> 页面中未能找到 ('xpath', '//table/tbody/tr[5]/td[5]/div') 元素
2019/02/19 14:52:08 PM - ERROR - <Page_object.incall.in_Call object at 0x000001EF964C8518> 页面中未能找到 ('xpath', "//*[@id='app']//ul/li[3]/ul/li[1]") 元素
2019/02/19 14:52:11 PM - INFO - 选择待处理工单
2019/02/19 14:52:12 PM - INFO - 选择第一个工单
2019/02/19 14:52:13 PM - INFO - 拒单操作
2019/02/19 14:52:14 PM - INFO - 选择拒单原因
2019/02/19 14:52:14 PM - INFO - 填写拒单原因
2019/02/19 14:52:15 PM - INFO - 点击下一步按钮
2019/02/19 14:52:18 PM - INFO - 选择待处理工单
2019/02/19 14:52:19 PM - INFO - 选择第一个工单
2019/02/19 14:52:19 PM - INFO - 没有执行基地经理操作
2019/02/19 14:52:21 PM - INFO - 选择救援中工单
2019/02/19 14:52:23 PM - INFO - 选择第一个工单
2019/02/19 14:52:25 PM - INFO - 点击救援成功按钮
2019/02/19 14:52:28 PM - INFO - 选择救援中工单
2019/02/19 14:52:29 PM - INFO - 选择第一个工单
2019/02/19 14:52:31 PM - INFO - 点击救援取消按钮
2019/02/19 14:52:31 PM - INFO - 填写救援取消原因
2019/02/19 14:52:33 PM - INFO - 填写救援取消原因确认
2019/02/19 14:52:36 PM - INFO - 选择救援中工单
2019/02/19 14:52:37 PM - INFO - 选择第一个工单
2019/02/19 14:52:37 PM - INFO - 没有执行救援操作
2019/02/19 14:52:50 PM - ERROR - <Page_object.incall.in_Call object at 0x000001EF964C8518> 页面中未能找到 ('xpath', "//*[@id='app']//ul/li[3]/ul/li[2]") 元素
2019/02/19 14:52:54 PM - INFO - 压缩文件成功
2019/02/19 14:52:58 PM - INFO - 发送邮件成功
2019/02/19 15:02:23 PM - INFO - 打开网页
2019/02/19 15:02:23 PM - INFO - 输入用户名
2019/02/19 15:02:24 PM - INFO - 输入密码
2019/02/19 15:02:24 PM - INFO - 输入验证码
2019/02/19 15:02:25 PM - INFO - 点击登录
2019/02/19 15:02:28 PM - INFO - 选择案件管理
2019/02/19 15:02:29 PM - INFO - 点击处理按钮
2019/02/19 15:02:31 PM - INFO - 点击新建院前按钮
2019/02/19 15:02:31 PM - INFO - 输入伤患姓名
2019/02/19 15:02:31 PM - INFO - 输入伤患年龄
2019/02/19 15:02:33 PM - INFO - 选择客户来源按o
2019/02/19 15:02:34 PM - INFO - 选择客户来源
2019/02/19 15:02:34 PM - INFO - 输入病情描述
2019/02/19 15:02:34 PM - INFO - 输入事故地址
2019/02/19 15:02:34 PM - INFO - 输入事故点经度
2019/02/19 15:02:34 PM - INFO - 输入事故点纬度
2019/02/19 15:02:34 PM - INFO - 输入转入医院
2019/02/19 15:02:39 PM - INFO - 选择基地直升机
2019/02/19 15:02:39 PM - INFO - 点击医务官判定按钮
2019/02/19 15:02:44 PM - INFO - 选择案件管理
2019/02/19 15:02:45 PM - INFO - 点击处理按钮
2019/02/19 15:02:47 PM - INFO - 点击新建院前按钮
2019/02/19 15:02:47 PM - INFO - 输入伤患姓名
2019/02/19 15:02:47 PM - INFO - 输入伤患年龄
2019/02/19 15:02:49 PM - INFO - 选择客户来源按o
2019/02/19 15:02:50 PM - INFO - 选择客户来源
2019/02/19 15:02:50 PM - INFO - 输入病情描述
2019/02/19 15:02:50 PM - INFO - 输入事故地址
2019/02/19 15:02:50 PM - INFO - 输入事故点经度
2019/02/19 15:02:50 PM - INFO - 输入事故点纬度
2019/02/19 15:02:50 PM - INFO - 输入转入医院
2019/02/19 15:02:55 PM - INFO - 选择基地直升机
2019/02/19 15:02:55 PM - INFO - 点击医务官判定按钮
2019/02/19 15:03:00 PM - INFO - 选择案件管理
2019/02/19 15:03:01 PM - INFO - 点击处理按钮
2019/02/19 15:03:03 PM - INFO - 点击新建院前按钮
2019/02/19 15:03:03 PM - INFO - 输入伤患姓名
2019/02/19 15:03:03 PM - INFO - 输入伤患年龄
2019/02/19 15:03:05 PM - INFO - 选择客户来源按o
2019/02/19 15:03:05 PM - INFO - 选择客户来源
2019/02/19 15:03:05 PM - INFO - 输入病情描述
2019/02/19 15:03:06 PM - INFO - 输入事故地址
2019/02/19 15:03:06 PM - INFO - 输入事故点经度
2019/02/19 15:03:06 PM - INFO - 输入事故点纬度
2019/02/19 15:03:06 PM - INFO - 输入转入医院
2019/02/19 15:03:11 PM - INFO - 选择基地直升机
2019/02/19 15:03:11 PM - INFO - 点击医务官判定按钮
2019/02/19 15:03:16 PM - INFO - 选择案件管理
2019/02/19 15:03:18 PM - INFO - 点击处理按钮
2019/02/19 15:03:19 PM - INFO - 点击新建院前按钮
2019/02/19 15:03:19 PM - INFO - 输入伤患姓名
2019/02/19 15:03:19 PM - INFO - 输入伤患年龄
2019/02/19 15:03:22 PM - INFO - 选择客户来源按o
2019/02/19 15:03:22 PM - INFO - 选择客户来源
2019/02/19 15:03:22 PM - INFO - 输入病情描述
2019/02/19 15:03:22 PM - INFO - 输入事故地址
2019/02/19 15:03:22 PM - INFO - 输入事故点经度
2019/02/19 15:03:22 PM - INFO - 输入事故点纬度
2019/02/19 15:03:23 PM - INFO - 输入转入医院
2019/02/19 15:03:27 PM - INFO - 选择基地直升机
2019/02/19 15:03:28 PM - INFO - 点击医务官判定按钮
2019/02/19 15:03:33 PM - INFO - 选择待处理工单
2019/02/19 15:03:38 PM - INFO - 选择待处理工单
2019/02/19 15:03:44 PM - INFO - 选择待处理工单
2019/02/19 15:04:00 PM - ERROR - <Page_object.incall.in_Call object at 0x000002392E000DD8> 页面中未能找到 ('xpath', "//*[@id='app']//ul/li[5]/ul/li[1]") 元素
2019/02/19 15:04:07 PM - INFO - 打开网页
2019/02/19 15:04:07 PM - INFO - 输入用户名
2019/02/19 15:04:07 PM - INFO - 输入密码
2019/02/19 15:04:07 PM - INFO - 输入验证码
2019/02/19 15:04:08 PM - INFO - 点击登录
2019/02/19 15:04:11 PM - INFO - 选择待处理工单
2019/02/19 15:04:12 PM - INFO - 选择第一个工单
2019/02/19 15:04:13 PM - INFO - 接单操作
2019/02/19 15:04:25 PM - ERROR - <Page_object.base_processed.Base_proce object at 0x000002392E1E22B0> 页面中未能找到 ('xpath', '//table/tbody/tr[5]/td[5]/div') 元素
2019/02/19 15:04:28 PM - INFO - 选择待处理工单
2019/02/19 15:04:29 PM - INFO - 选择第一个工单
2019/02/19 15:04:31 PM - INFO - 接单操作
2019/02/19 15:04:42 PM - ERROR - <Page_object.base_processed.Base_proce object at 0x000002392E1E22B0> 页面中未能找到 ('xpath', '//table/tbody/tr[5]/td[5]/div') 元素
2019/02/19 15:04:45 PM - INFO - 选择待处理工单
2019/02/19 15:04:47 PM - INFO - 选择第一个工单
2019/02/19 15:04:47 PM - INFO - 拒单操作
2019/02/19 15:04:48 PM - INFO - 选择拒单原因
2019/02/19 15:04:48 PM - INFO - 填写拒单原因
2019/02/19 15:04:49 PM - INFO - 点击下一步按钮
2019/02/19 15:04:53 PM - INFO - 选择待处理工单
2019/02/19 15:04:53 PM - INFO - 选择第一个工单
2019/02/19 15:04:53 PM - INFO - 没有执行基地经理操作
2019/02/19 15:04:56 PM - INFO - 选择救援中工单
2019/02/19 15:04:57 PM - INFO - 选择第一个工单
2019/02/19 15:04:59 PM - INFO - 点击救援成功按钮
2019/02/19 15:05:02 PM - INFO - 选择救援中工单
2019/02/19 15:05:03 PM - INFO - 选择第一个工单
2019/02/19 15:05:06 PM - INFO - 点击救援取消按钮
2019/02/19 15:05:06 PM - INFO - 填写救援取消原因
2019/02/19 15:05:07 PM - INFO - 填写救援取消原因确认
2019/02/19 15:05:10 PM - INFO - 选择救援中工单
2019/02/19 15:05:11 PM - INFO - 选择第一个工单
2019/02/19 15:05:11 PM - INFO - 没有执行救援操作
2019/02/19 15:05:24 PM - ERROR - <Page_object.incall.in_Call object at 0x000002392E1E2B38> 页面中未能找到 ('xpath', "//*[@id='app']//ul/li[3]/ul/li[2]") 元素
2019/02/19 15:05:28 PM - INFO - 压缩文件成功
2019/02/19 15:05:30 PM - INFO - 发送邮件成功
2019/02/19 15:12:01 PM - INFO - 打开网页
2019/02/19 15:12:01 PM - INFO - 输入用户名
2019/02/19 15:12:01 PM - INFO - 输入密码
2019/02/19 15:12:01 PM - INFO - 输入验证码
2019/02/19 15:12:03 PM - INFO - 点击登录
2019/02/19 15:12:06 PM - INFO - 选择案件管理
2019/02/19 15:12:07 PM - INFO - 点击处理按钮
2019/02/19 15:12:09 PM - INFO - 点击新建院前按钮
2019/02/19 15:12:09 PM - INFO - 输入伤患姓名
2019/02/19 15:12:09 PM - INFO - 输入伤患年龄
2019/02/19 15:12:11 PM - INFO - 选择客户来源按o
2019/02/19 15:12:12 PM - INFO - 选择客户来源
2019/02/19 15:12:12 PM - INFO - 输入病情描述
2019/02/19 15:12:12 PM - INFO - 输入事故地址
2019/02/19 15:12:12 PM - INFO - 输入事故点经度
2019/02/19 15:12:12 PM - INFO - 输入事故点纬度
2019/02/19 15:12:13 PM - INFO - 输入转入医院
2019/02/19 15:12:17 PM - INFO - 选择基地直升机
2019/02/19 15:12:18 PM - INFO - 点击医务官判定按钮
2019/02/19 15:12:22 PM - INFO - 选择案件管理
2019/02/19 15:12:24 PM - INFO - 点击处理按钮
2019/02/19 15:12:25 PM - INFO - 点击新建院前按钮
2019/02/19 15:12:25 PM - INFO - 输入伤患姓名
2019/02/19 15:12:25 PM - INFO - 输入伤患年龄
2019/02/19 15:12:28 PM - INFO - 选择客户来源按o
2019/02/19 15:12:28 PM - INFO - 选择客户来源
2019/02/19 15:12:28 PM - INFO - 输入病情描述
2019/02/19 15:12:28 PM - INFO - 输入事故地址
2019/02/19 15:12:28 PM - INFO - 输入事故点经度
2019/02/19 15:12:28 PM - INFO - 输入事故点纬度
2019/02/19 15:12:29 PM - INFO - 输入转入医院
2019/02/19 15:12:34 PM - INFO - 选择基地直升机
2019/02/19 15:12:34 PM - INFO - 点击医务官判定按钮
2019/02/19 15:12:38 PM - INFO - 选择案件管理
2019/02/19 15:12:40 PM - INFO - 点击处理按钮
2019/02/19 15:12:41 PM - INFO - 点击新建院前按钮
2019/02/19 15:12:41 PM - INFO - 输入伤患姓名
2019/02/19 15:12:41 PM - INFO - 输入伤患年龄
2019/02/19 15:12:44 PM - INFO - 选择客户来源按o
2019/02/19 15:12:44 PM - INFO - 选择客户来源
2019/02/19 15:12:44 PM - INFO - 输入病情描述
2019/02/19 15:12:44 PM - INFO - 输入事故地址
2019/02/19 15:12:44 PM - INFO - 输入事故点经度
2019/02/19 15:12:44 PM - INFO - 输入事故点纬度
2019/02/19 15:12:45 PM - INFO - 输入转入医院
2019/02/19 15:12:49 PM - INFO - 选择基地直升机
2019/02/19 15:12:50 PM - INFO - 点击医务官判定按钮
2019/02/19 15:12:55 PM - INFO - 选择案件管理
2019/02/19 15:12:56 PM - INFO - 点击处理按钮
2019/02/19 15:12:57 PM - INFO - 点击新建院前按钮
2019/02/19 15:12:57 PM - INFO - 输入伤患姓名
2019/02/19 15:12:58 PM - INFO - 输入伤患年龄
2019/02/19 15:13:00 PM - INFO - 选择客户来源按o
2019/02/19 15:13:00 PM - INFO - 选择客户来源
2019/02/19 15:13:00 PM - INFO - 输入病情描述
2019/02/19 15:13:00 PM - INFO - 输入事故地址
2019/02/19 15:13:01 PM - INFO - 输入事故点经度
2019/02/19 15:13:01 PM - INFO - 输入事故点纬度
2019/02/19 15:13:01 PM - INFO - 输入转入医院
2019/02/19 15:13:06 PM - INFO - 选择基地直升机
2019/02/19 15:13:06 PM - INFO - 点击医务官判定按钮
2019/02/19 15:13:11 PM - INFO - 选择待处理工单
2019/02/19 15:13:17 PM - INFO - 按照状态查询工单
2019/02/19 15:13:18 PM - INFO - 选择第一个工单
2019/02/19 15:13:20 PM - INFO - 拒单操作
2019/02/19 15:13:22 PM - INFO - 接单操作
2019/02/19 15:13:22 PM - INFO - 输入判定意见
2019/02/19 15:13:23 PM - INFO - 下一步
2019/02/19 15:13:23 PM - INFO - 点击下一步按钮
2019/02/19 15:13:24 PM - INFO - 选择待处理工单
2019/02/19 15:13:25 PM - INFO - 选择第一个工单
2019/02/19 15:36:07 PM - INFO - 打开网页
2019/02/19 15:36:07 PM - INFO - 输入用户名
2019/02/19 15:36:07 PM - INFO - 输入密码
2019/02/19 15:36:07 PM - INFO - 输入验证码
2019/02/19 15:36:08 PM - INFO - 点击登录
2019/02/19 15:36:11 PM - INFO - 选择案件管理
2019/02/19 15:36:13 PM - INFO - 点击处理按钮
2019/02/19 15:36:14 PM - INFO - 点击新建院前按钮
2019/02/19 15:36:14 PM - INFO - 输入伤患姓名
2019/02/19 15:36:15 PM - INFO - 输入伤患年龄
2019/02/19 15:36:17 PM - INFO - 选择客户来源按o
2019/02/19 15:36:17 PM - INFO - 选择客户来源
2019/02/19 15:36:17 PM - INFO - 输入病情描述
2019/02/19 15:36:18 PM - INFO - 输入事故地址
2019/02/19 15:36:18 PM - INFO - 输入事故点经度
2019/02/19 15:36:18 PM - INFO - 输入事故点纬度
2019/02/19 15:36:19 PM - INFO - 输入转入医院
2019/02/19 15:36:23 PM - INFO - 选择基地直升机
2019/02/19 15:36:23 PM - INFO - 点击医务官判定按钮
2019/02/19 15:36:28 PM - INFO - 选择案件管理
2019/02/19 15:36:30 PM - INFO - 点击处理按钮
2019/02/19 15:36:31 PM - INFO - 点击新建院前按钮
2019/02/19 15:36:31 PM - INFO - 输入伤患姓名
2019/02/19 15:36:32 PM - INFO - 输入伤患年龄
2019/02/19 15:36:34 PM - INFO - 选择客户来源按o
2019/02/19 15:36:34 PM - INFO - 选择客户来源
2019/02/19 15:36:34 PM - INFO - 输入病情描述
2019/02/19 15:36:34 PM - INFO - 输入事故地址
2019/02/19 15:36:34 PM - INFO - 输入事故点经度
2019/02/19 15:36:35 PM - INFO - 输入事故点纬度
2019/02/19 15:36:35 PM - INFO - 输入转入医院
2019/02/19 15:36:40 PM - INFO - 选择基地直升机
2019/02/19 15:36:40 PM - INFO - 点击医务官判定按钮
2019/02/19 15:36:45 PM - INFO - 选择案件管理
2019/02/19 15:36:46 PM - INFO - 点击处理按钮
2019/02/19 15:36:47 PM - INFO - 点击新建院前按钮
2019/02/19 15:36:47 PM - INFO - 输入伤患姓名
2019/02/19 15:36:48 PM - INFO - 输入伤患年龄
2019/02/19 15:36:50 PM - INFO - 选择客户来源按o
2019/02/19 15:36:50 PM - INFO - 选择客户来源
2019/02/19 15:36:50 PM - INFO - 输入病情描述
2019/02/19 15:36:50 PM - INFO - 输入事故地址
2019/02/19 15:36:51 PM - INFO - 输入事故点经度
2019/02/19 15:36:51 PM - INFO - 输入事故点纬度
2019/02/19 15:36:51 PM - INFO - 输入转入医院
2019/02/19 15:36:56 PM - INFO - 选择基地直升机
2019/02/19 15:36:56 PM - INFO - 点击医务官判定按钮
2019/02/19 15:37:01 PM - INFO - 选择案件管理
2019/02/19 15:37:02 PM - INFO - 点击处理按钮
2019/02/19 15:37:04 PM - INFO - 点击新建院前按钮
2019/02/19 15:37:04 PM - INFO - 输入伤患姓名
2019/02/19 15:37:04 PM - INFO - 输入伤患年龄
2019/02/19 15:37:06 PM - INFO - 选择客户来源按o
2019/02/19 15:37:06 PM - INFO - 选择客户来源
2019/02/19 15:37:06 PM - INFO - 输入病情描述
2019/02/19 15:37:07 PM - INFO - 输入事故地址
2019/02/19 15:37:07 PM - INFO - 输入事故点经度
2019/02/19 15:37:07 PM - INFO - 输入事故点纬度
2019/02/19 15:37:07 PM - INFO - 输入转入医院
2019/02/19 15:37:12 PM - INFO - 选择基地直升机
2019/02/19 15:37:12 PM - INFO - 点击医务官判定按钮
2019/02/19 15:37:17 PM - INFO - 选择待处理工单
2019/02/19 15:37:23 PM - INFO - 按照状态查询工单
2019/02/19 15:37:23 PM - INFO - 选择第一个工单
2019/02/19 15:37:26 PM - INFO - 拒单操作
2019/02/19 15:37:28 PM - INFO - 接单操作
2019/02/19 15:37:28 PM - INFO - 输入判定意见
2019/02/19 15:37:28 PM - INFO - 下一步
2019/02/19 15:37:28 PM - INFO - 点击下一步按钮
2019/02/19 15:37:30 PM - INFO - 选择待处理工单
2019/02/19 15:37:31 PM - INFO - 选择第一个工单
2019/02/19 15:37:38 PM - INFO - 选择待处理工单
2019/02/19 15:37:44 PM - INFO - 按照状态查询工单
2019/02/19 15:37:44 PM - INFO - 选择第一个工单
2019/02/19 15:37:47 PM - INFO - 拒单操作
2019/02/19 15:37:49 PM - INFO - 接单操作
2019/02/19 15:37:49 PM - INFO - 输入判定意见
2019/02/19 15:37:49 PM - INFO - 下一步
2019/02/19 15:37:49 PM - INFO - 点击下一步按钮
2019/02/19 15:37:51 PM - INFO - 选择待处理工单
2019/02/19 15:37:52 PM - INFO - 选择第一个工单
2019/02/19 15:37:59 PM - INFO - 选择待处理工单
2019/02/19 15:38:05 PM - INFO - 按照状态查询工单
2019/02/19 15:38:05 PM - INFO - 选择第一个工单
2019/02/19 15:38:08 PM - INFO - 拒单操作
2019/02/19 15:38:10 PM - INFO - 接单操作
2019/02/19 15:38:10 PM - INFO - 输入判定意见
2019/02/19 15:38:11 PM - INFO - 下一步
2019/02/19 15:38:11 PM - INFO - 点击下一步按钮
2019/02/19 15:38:12 PM - INFO - 选择待处理工单
2019/02/19 15:38:13 PM - INFO - 选择第一个工单
2019/02/19 15:38:22 PM - INFO - 选择待处理工单
2019/02/19 15:38:28 PM - INFO - 按照状态查询工单
2019/02/19 15:38:28 PM - INFO - 选择第一个工单
2019/02/19 15:38:30 PM - INFO - 拒单操作
2019/02/19 15:38:32 PM - INFO - 输入判定意见
2019/02/19 15:38:32 PM - INFO - 下一步
2019/02/19 15:38:32 PM - INFO - 点击下一步按钮
2019/02/19 15:38:34 PM - INFO - 选择待处理工单
2019/02/19 15:38:35 PM - INFO - 选择第一个工单
2019/02/19 15:38:45 PM - INFO - 打开网页
2019/02/19 15:38:45 PM - INFO - 输入用户名
2019/02/19 15:38:45 PM - INFO - 输入密码
2019/02/19 15:38:45 PM - INFO - 输入验证码
2019/02/19 15:38:46 PM - INFO - 点击登录
2019/02/19 15:38:49 PM - INFO - 选择待处理工单
2019/02/19 15:38:50 PM - INFO - 选择第一个工单
2019/02/19 15:38:52 PM - INFO - 接单操作
2019/02/19 15:38:53 PM - INFO - 预计起飞时间
2019/02/19 15:38:55 PM - INFO - 点击下一步按钮
2019/02/19 15:38:58 PM - INFO - 选择待处理工单
2019/02/19 15:38:59 PM - INFO - 选择第一个工单
2019/02/19 15:39:00 PM - INFO - 接单操作
2019/02/19 15:39:02 PM - INFO - 预计起飞时间
2019/02/19 15:39:03 PM - INFO - 点击下一步按钮
2019/02/19 15:39:06 PM - INFO - 选择待处理工单
2019/02/19 15:39:07 PM - INFO - 选择第一个工单
2019/02/19 15:39:08 PM - INFO - 拒单操作
2019/02/19 15:39:08 PM - INFO - 选择拒单原因
2019/02/19 15:39:08 PM - INFO - 填写拒单原因
2019/02/19 15:39:10 PM - INFO - 点击下一步按钮
2019/02/19 15:39:13 PM - INFO - 选择待处理工单
2019/02/19 15:39:13 PM - INFO - 选择第一个工单
2019/02/19 15:39:13 PM - INFO - 没有执行基地经理操作
2019/02/19 15:39:16 PM - INFO - 选择救援中工单
2019/02/19 15:39:17 PM - INFO - 选择第一个工单
2019/02/19 15:39:20 PM - INFO - 点击救援成功按钮
2019/02/19 15:39:23 PM - INFO - 选择救援中工单
2019/02/19 15:39:24 PM - INFO - 选择第一个工单
2019/02/19 15:39:26 PM - INFO - 点击救援取消按钮
2019/02/19 15:39:26 PM - INFO - 填写救援取消原因
2019/02/19 15:39:27 PM - INFO - 填写救援取消原因确认
2019/02/19 15:39:31 PM - INFO - 选择救援中工单
2019/02/19 15:39:32 PM - INFO - 选择第一个工单
2019/02/19 15:39:32 PM - INFO - 没有执行救援操作
2019/02/19 15:39:45 PM - ERROR - <Page_object.incall.in_Call object at 0x000001ABB7CB16A0> 页面中未能找到 ('xpath', "//*[@id='app']//ul/li[3]/ul/li[2]") 元素
2019/02/19 15:39:49 PM - INFO - 压缩文件成功
2019/02/19 15:39:52 PM - INFO - 发送邮件成功
2019/02/19 16:15:07 PM - INFO - 打开网页
2019/02/19 16:15:07 PM - INFO - 输入用户名
2019/02/19 16:15:07 PM - INFO - 输入密码
2019/02/19 16:15:07 PM - INFO - 输入验证码
2019/02/19 16:15:08 PM - INFO - 点击登录
2019/02/19 16:15:11 PM - INFO - 选择案件管理
2019/02/19 16:15:13 PM - INFO - 点击处理按钮
2019/02/19 16:15:14 PM - INFO - 点击新建院前按钮
2019/02/19 16:15:14 PM - INFO - 输入伤患姓名
2019/02/19 16:15:15 PM - INFO - 输入伤患年龄
2019/02/19 16:15:17 PM - INFO - 选择客户来源按o
2019/02/19 16:15:17 PM - INFO - 选择客户来源
2019/02/19 16:15:18 PM - INFO - 输入病情描述
2019/02/19 16:15:18 PM - INFO - 输入事故地址
2019/02/19 16:15:18 PM - INFO - 输入事故点经度
2019/02/19 16:15:18 PM - INFO - 输入事故点纬度
2019/02/19 16:15:19 PM - INFO - 输入转入医院
2019/02/19 16:15:23 PM - INFO - 选择基地直升机
2019/02/19 16:15:24 PM - INFO - 点击医务官判定按钮
2019/02/19 16:15:28 PM - INFO - 选择案件管理
2019/02/19 16:15:29 PM - INFO - 点击处理按钮
2019/02/19 16:15:31 PM - INFO - 点击新建院前按钮
2019/02/19 16:15:31 PM - INFO - 输入伤患姓名
2019/02/19 16:15:32 PM - INFO - 输入伤患年龄
2019/02/19 16:15:34 PM - INFO - 选择客户来源按o
2019/02/19 16:15:34 PM - INFO - 选择客户来源
2019/02/19 16:15:34 PM - INFO - 输入病情描述
2019/02/19 16:15:34 PM - INFO - 输入事故地址
2019/02/19 16:15:34 PM - INFO - 输入事故点经度
2019/02/19 16:15:35 PM - INFO - 输入事故点纬度
2019/02/19 16:15:35 PM - INFO - 输入转入医院
2019/02/19 16:15:40 PM - INFO - 选择基地直升机
2019/02/19 16:15:40 PM - INFO - 点击医务官判定按钮
2019/02/19 16:15:44 PM - INFO - 选择案件管理
2019/02/19 16:15:46 PM - INFO - 点击处理按钮
2019/02/19 16:15:47 PM - INFO - 点击新建院前按钮
2019/02/19 16:15:47 PM - INFO - 输入伤患姓名
2019/02/19 16:15:47 PM - INFO - 输入伤患年龄
2019/02/19 16:15:50 PM - INFO - 选择客户来源按o
2019/02/19 16:15:50 PM - INFO - 选择客户来源
2019/02/19 16:15:50 PM - INFO - 输入病情描述
2019/02/19 16:15:50 PM - INFO - 输入事故地址
2019/02/19 16:15:50 PM - INFO - 输入事故点经度
2019/02/19 16:15:50 PM - INFO - 输入事故点纬度
2019/02/19 16:15:51 PM - INFO - 输入转入医院
2019/02/19 16:15:55 PM - INFO - 选择基地直升机
2019/02/19 16:15:55 PM - INFO - 点击医务官判定按钮
2019/02/19 16:16:00 PM - INFO - 选择案件管理
2019/02/19 16:16:01 PM - INFO - 点击处理按钮
2019/02/19 16:16:03 PM - INFO - 点击新建院前按钮
2019/02/19 16:16:03 PM - INFO - 输入伤患姓名
2019/02/19 16:16:03 PM - INFO - 输入伤患年龄
2019/02/19 16:16:05 PM - INFO - 选择客户来源按o
2019/02/19 16:16:05 PM - INFO - 选择客户来源
2019/02/19 16:16:05 PM - INFO - 输入病情描述
2019/02/19 16:16:05 PM - INFO - 输入事故地址
2019/02/19 16:16:06 PM - INFO - 输入事故点经度
2019/02/19 16:16:06 PM - INFO - 输入事故点纬度
2019/02/19 16:16:06 PM - INFO - 输入转入医院
2019/02/19 16:16:11 PM - INFO - 选择基地直升机
2019/02/19 16:16:11 PM - INFO - 点击医务官判定按钮
2019/02/19 16:16:16 PM - INFO - 选择待处理工单
2019/02/19 16:16:22 PM - INFO - 按照状态查询工单
2019/02/19 16:16:22 PM - INFO - 选择第一个工单
2019/02/19 16:16:24 PM - INFO - 拒单操作
2019/02/19 16:16:27 PM - INFO - 接单操作
2019/02/19 16:16:27 PM - INFO - 输入判定意见
2019/02/19 16:16:27 PM - INFO - 下一步
2019/02/19 16:16:27 PM - INFO - 点击下一步按钮
2019/02/19 16:16:28 PM - INFO - 选择待处理工单
2019/02/19 16:16:29 PM - INFO - 选择第一个工单
2019/02/19 16:16:37 PM - INFO - 选择待处理工单
2019/02/19 16:16:42 PM - INFO - 按照状态查询工单
2019/02/19 16:16:43 PM - INFO - 选择第一个工单
2019/02/19 16:16:45 PM - INFO - 拒单操作
2019/02/19 16:16:47 PM - INFO - 接单操作
2019/02/19 16:16:48 PM - INFO - 输入判定意见
2019/02/19 16:16:48 PM - INFO - 下一步
2019/02/19 16:16:48 PM - INFO - 点击下一步按钮
2019/02/19 16:16:49 PM - INFO - 选择待处理工单
2019/02/19 16:16:51 PM - INFO - 选择第一个工单
2019/02/19 16:16:58 PM - INFO - 选择待处理工单
2019/02/19 16:17:04 PM - INFO - 按照状态查询工单
2019/02/19 16:17:04 PM - INFO - 选择第一个工单
2019/02/19 16:17:07 PM - INFO - 拒单操作
2019/02/19 16:17:09 PM - INFO - 接单操作
2019/02/19 16:17:09 PM - INFO - 输入判定意见
2019/02/19 16:17:09 PM - INFO - 下一步
2019/02/19 16:17:09 PM - INFO - 点击下一步按钮
2019/02/19 16:17:11 PM - INFO - 选择待处理工单
2019/02/19 16:17:12 PM - INFO - 选择第一个工单
2019/02/19 16:17:21 PM - INFO - 选择待处理工单
2019/02/19 16:17:27 PM - INFO - 按照状态查询工单
2019/02/19 16:17:27 PM - INFO - 选择第一个工单
2019/02/19 16:17:29 PM - INFO - 拒单操作
2019/02/19 16:17:31 PM - INFO - 输入判定意见
2019/02/19 16:17:31 PM - INFO - 下一步
2019/02/19 16:17:31 PM - INFO - 点击下一步按钮
2019/02/19 16:17:33 PM - INFO - 选择待处理工单
2019/02/19 16:17:34 PM - INFO - 选择第一个工单
2019/02/19 16:17:44 PM - INFO - 打开网页
2019/02/19 16:17:44 PM - INFO - 输入用户名
2019/02/19 16:17:44 PM - INFO - 输入密码
2019/02/19 16:17:44 PM - INFO - 输入验证码
2019/02/19 16:17:45 PM - INFO - 点击登录
2019/02/19 16:17:48 PM - INFO - 选择待处理工单
2019/02/19 16:17:49 PM - INFO - 选择第一个工单
2019/02/19 16:17:51 PM - INFO - 接单操作
2019/02/19 16:17:52 PM - INFO - 预计起飞时间
2019/02/19 16:17:54 PM - INFO - 点击下一步按钮
2019/02/19 16:17:57 PM - INFO - 选择待处理工单
2019/02/19 16:17:58 PM - INFO - 选择第一个工单
2019/02/19 16:17:59 PM - INFO - 接单操作
2019/02/19 16:18:00 PM - INFO - 预计起飞时间
2019/02/19 16:18:02 PM - INFO - 点击下一步按钮
2019/02/19 16:18:05 PM - INFO - 选择待处理工单
2019/02/19 16:18:06 PM - INFO - 选择第一个工单
2019/02/19 16:18:06 PM - INFO - 拒单操作
2019/02/19 16:18:07 PM - INFO - 选择拒单原因
2019/02/19 16:18:07 PM - INFO - 填写拒单原因
2019/02/19 16:18:08 PM - INFO - 点击下一步按钮
2019/02/19 16:18:12 PM - INFO - 选择待处理工单
2019/02/19 16:18:12 PM - INFO - 选择第一个工单
2019/02/19 16:18:12 PM - INFO - 没有执行基地经理操作
2019/02/19 16:18:15 PM - INFO - 选择救援中工单
2019/02/19 16:18:16 PM - INFO - 选择第一个工单
2019/02/19 16:18:18 PM - INFO - 点击救援成功按钮
2019/02/19 16:18:21 PM - INFO - 选择救援中工单
2019/02/19 16:18:22 PM - INFO - 选择第一个工单
2019/02/19 16:18:24 PM - INFO - 点击救援取消按钮
2019/02/19 16:18:24 PM - INFO - 填写救援取消原因
2019/02/19 16:18:26 PM - INFO - 填写救援取消原因确认
2019/02/19 16:18:29 PM - INFO - 选择救援中工单
2019/02/19 16:18:30 PM - INFO - 选择第一个工单
2019/02/19 16:18:30 PM - INFO - 没有执行救援操作
2019/02/19 16:18:43 PM - ERROR - <Page_object.incall.in_Call object at 0x0000020228DDC748> 页面中未能找到 ('xpath', "//*[@id='app']//ul/li[3]/ul/li[2]") 元素
2019/02/19 16:18:47 PM - INFO - 压缩文件成功
2019/02/19 16:18:49 PM - INFO - 发送邮件成功
