2019/02/14 10:12:03 AM - INFO - 打开网页
2019/02/14 10:12:03 AM - INFO - 输入用户名
2019/02/14 10:12:03 AM - INFO - 输入密码
2019/02/14 10:12:03 AM - INFO - 输入验证码
2019/02/14 10:12:04 AM - INFO - 点击登录
2019/02/14 10:12:07 AM - INFO - 选择案件管理
2019/02/14 13:55:18 PM - INFO - 打开网页
2019/02/14 13:55:18 PM - INFO - 输入用户名
2019/02/14 13:55:18 PM - INFO - 输入密码
2019/02/14 13:55:18 PM - INFO - 输入验证码
2019/02/14 13:55:19 PM - INFO - 点击登录
2019/02/14 13:55:23 PM - INFO - 选择案件管理
2019/02/14 13:55:24 PM - INFO - 点击处理按钮
2019/02/14 13:55:26 PM - INFO - 点击新建院前按钮
2019/02/14 13:55:26 PM - INFO - 输入伤患姓名
2019/02/14 13:55:26 PM - INFO - 输入伤患年龄
2019/02/14 13:55:29 PM - INFO - 选择客户来源按o
2019/02/14 13:55:29 PM - INFO - 选择客户来源
2019/02/14 13:55:29 PM - INFO - 输入病情描述
2019/02/14 13:55:29 PM - INFO - 输入事故地址
2019/02/14 13:55:29 PM - INFO - 输入事故点经度
2019/02/14 13:55:30 PM - INFO - 输入事故点纬度
2019/02/14 13:55:30 PM - INFO - 输入转入医院
2019/02/14 13:55:35 PM - INFO - 选择基地直升机
2019/02/14 13:55:35 PM - INFO - 点击医务官判定按钮
2019/02/14 13:55:40 PM - INFO - 选择案件管理
2019/02/14 13:55:41 PM - INFO - 点击处理按钮
2019/02/14 13:55:43 PM - INFO - 点击新建院前按钮
2019/02/14 13:55:43 PM - INFO - 输入伤患姓名
2019/02/14 13:55:43 PM - INFO - 输入伤患年龄
2019/02/14 13:55:46 PM - INFO - 选择客户来源按o
2019/02/14 13:55:46 PM - INFO - 选择客户来源
2019/02/14 13:55:46 PM - INFO - 输入病情描述
2019/02/14 13:55:46 PM - INFO - 输入事故地址
2019/02/14 13:55:46 PM - INFO - 输入事故点经度
2019/02/14 13:55:46 PM - INFO - 输入事故点纬度
2019/02/14 13:55:47 PM - INFO - 输入转入医院
2019/02/14 13:55:52 PM - INFO - 选择基地直升机
2019/02/14 13:55:52 PM - INFO - 点击医务官判定按钮
2019/02/14 13:55:57 PM - INFO - 选择案件管理
2019/02/14 13:55:58 PM - INFO - 点击处理按钮
2019/02/14 13:56:00 PM - INFO - 点击新建院前按钮
2019/02/14 13:56:00 PM - INFO - 输入伤患姓名
2019/02/14 13:56:00 PM - INFO - 输入伤患年龄
2019/02/14 13:56:03 PM - INFO - 选择客户来源按o
2019/02/14 13:56:03 PM - INFO - 选择客户来源
2019/02/14 13:56:03 PM - INFO - 输入病情描述
2019/02/14 13:56:03 PM - INFO - 输入事故地址
2019/02/14 13:56:03 PM - INFO - 输入事故点经度
2019/02/14 13:56:04 PM - INFO - 输入事故点纬度
2019/02/14 13:56:04 PM - INFO - 输入转入医院
2019/02/14 13:56:09 PM - INFO - 选择基地直升机
2019/02/14 13:56:09 PM - INFO - 点击医务官判定按钮
2019/02/14 13:56:14 PM - INFO - 选择案件管理
2019/02/14 13:56:15 PM - INFO - 点击处理按钮
2019/02/14 13:56:17 PM - INFO - 点击新建院前按钮
2019/02/14 13:56:17 PM - INFO - 输入伤患姓名
2019/02/14 13:56:17 PM - INFO - 输入伤患年龄
2019/02/14 13:56:20 PM - INFO - 选择客户来源按o
2019/02/14 13:56:20 PM - INFO - 选择客户来源
2019/02/14 13:56:20 PM - INFO - 输入病情描述
2019/02/14 13:56:20 PM - INFO - 输入事故地址
2019/02/14 13:56:20 PM - INFO - 输入事故点经度
2019/02/14 13:56:21 PM - INFO - 输入事故点纬度
2019/02/14 13:56:21 PM - INFO - 输入转入医院
2019/02/14 13:56:26 PM - INFO - 选择基地直升机
2019/02/14 13:56:26 PM - INFO - 点击医务官判定按钮
2019/02/14 13:56:31 PM - INFO - 选择待处理工单
2019/02/14 13:56:37 PM - INFO - 按照状态查询工单
2019/02/14 13:56:37 PM - INFO - 选择第一个工单
2019/02/14 13:56:39 PM - INFO - 拒单操作
2019/02/14 13:56:42 PM - INFO - 接单操作
2019/02/14 13:56:42 PM - INFO - 输入判定意见
2019/02/14 13:56:42 PM - INFO - 下一步
2019/02/14 13:56:42 PM - INFO - 点击下一步按钮
2019/02/14 13:56:43 PM - INFO - 选择待处理工单
2019/02/14 13:56:44 PM - INFO - 选择第一个工单
2019/02/14 13:56:51 PM - INFO - 选择待处理工单
2019/02/14 13:56:58 PM - INFO - 按照状态查询工单
2019/02/14 13:56:58 PM - INFO - 选择第一个工单
2019/02/14 13:57:01 PM - INFO - 拒单操作
2019/02/14 13:57:03 PM - INFO - 接单操作
2019/02/14 13:57:03 PM - INFO - 输入判定意见
2019/02/14 13:57:03 PM - INFO - 下一步
2019/02/14 13:57:03 PM - INFO - 点击下一步按钮
2019/02/14 13:57:05 PM - INFO - 选择待处理工单
2019/02/14 13:57:05 PM - INFO - 选择第一个工单
2019/02/14 13:57:13 PM - INFO - 选择待处理工单
2019/02/14 13:57:19 PM - INFO - 按照状态查询工单
2019/02/14 13:57:19 PM - INFO - 选择第一个工单
2019/02/14 13:57:21 PM - INFO - 拒单操作
2019/02/14 13:57:24 PM - INFO - 接单操作
2019/02/14 13:57:24 PM - INFO - 输入判定意见
2019/02/14 13:57:24 PM - INFO - 下一步
2019/02/14 13:57:24 PM - INFO - 点击下一步按钮
2019/02/14 13:57:26 PM - INFO - 选择待处理工单
2019/02/14 13:57:27 PM - INFO - 选择第一个工单
2019/02/14 13:57:34 PM - INFO - 选择待处理工单
2019/02/14 13:57:40 PM - INFO - 按照状态查询工单
2019/02/14 13:57:40 PM - INFO - 选择第一个工单
2019/02/14 13:57:42 PM - INFO - 拒单操作
2019/02/14 13:57:45 PM - INFO - 输入判定意见
2019/02/14 13:57:45 PM - INFO - 下一步
2019/02/14 13:57:45 PM - INFO - 点击下一步按钮
2019/02/14 13:57:47 PM - INFO - 选择待处理工单
2019/02/14 13:57:47 PM - INFO - 选择第一个工单
2019/02/14 13:57:58 PM - INFO - 打开网页
2019/02/14 13:57:58 PM - INFO - 输入用户名
2019/02/14 13:57:58 PM - INFO - 输入密码
2019/02/14 13:57:59 PM - INFO - 输入验证码
2019/02/14 13:58:00 PM - INFO - 点击登录
2019/02/14 13:58:03 PM - INFO - 选择待处理工单
2019/02/14 13:58:13 PM - ERROR - <Page_object.incall.in_Call object at 0x00000176FD2E4128> 页面中未能找到 ('xpath', "//*[@id='app'] //table/tbody/tr[1]/td[8]/a[2]") 元素
2019/02/14 13:58:16 PM - INFO - 选择待处理工单
2019/02/14 13:58:26 PM - ERROR - <Page_object.incall.in_Call object at 0x00000176FD2E4128> 页面中未能找到 ('xpath', "//*[@id='app'] //table/tbody/tr[1]/td[8]/a[2]") 元素
2019/02/14 13:58:30 PM - INFO - 选择待处理工单
2019/02/14 13:58:40 PM - ERROR - <Page_object.incall.in_Call object at 0x00000176FD2E4128> 页面中未能找到 ('xpath', "//*[@id='app'] //table/tbody/tr[1]/td[8]/a[2]") 元素
2019/02/14 13:58:43 PM - INFO - 选择待处理工单
2019/02/14 13:58:53 PM - ERROR - <Page_object.incall.in_Call object at 0x00000176FD2E4128> 页面中未能找到 ('xpath', "//*[@id='app'] //table/tbody/tr[1]/td[8]/a[2]") 元素
2019/02/14 13:58:57 PM - INFO - 选择救援中工单
2019/02/14 13:59:07 PM - ERROR - <Page_object.incall.in_Call object at 0x00000176FD2E4128> 页面中未能找到 ('xpath', "//*[@id='app'] //table/tbody/tr[1]/td[8]/a[2]") 元素
2019/02/14 13:59:11 PM - INFO - 选择救援中工单
2019/02/14 13:59:21 PM - ERROR - <Page_object.incall.in_Call object at 0x00000176FD2E4128> 页面中未能找到 ('xpath', "//*[@id='app'] //table/tbody/tr[1]/td[8]/a[2]") 元素
2019/02/14 13:59:25 PM - INFO - 选择救援中工单
2019/02/14 13:59:35 PM - ERROR - <Page_object.incall.in_Call object at 0x00000176FD2E4128> 页面中未能找到 ('xpath', "//*[@id='app'] //table/tbody/tr[1]/td[8]/a[2]") 元素
2019/02/14 13:59:39 PM - INFO - 选择救援中工单
2019/02/14 13:59:49 PM - ERROR - <Page_object.incall.in_Call object at 0x00000176FD2E4128> 页面中未能找到 ('xpath', "//*[@id='app'] //table/tbody/tr[1]/td[8]/a[2]") 元素
2019/02/14 13:59:53 PM - INFO - 压缩文件成功
2019/02/14 13:59:55 PM - INFO - 发送邮件成功
